[0.447s] Invoking command in '/home/murilo_prianti/meu_workspace/build/turtlesim': CMAKE_PREFIX_PATH=/opt/ros/humble /usr/bin/cmake --build /home/murilo_prianti/meu_workspace/build/turtlesim -- -j8 -l8
[1.007s] [  1%] Built target turtlesim__cpp
[1.025s] [ 11%] Built target turtlesim__rosidl_generator_c
[1.112s] [ 21%] Built target turtlesim__rosidl_typesupport_introspection_cpp
[1.124s] [ 31%] Built target turtlesim__rosidl_typesupport_fastrtps_cpp
[1.125s] [ 44%] Built target turtlesim__rosidl_typesupport_introspection_c
[1.125s] [ 51%] Built target turtlesim__rosidl_typesupport_cpp
[1.133s] [ 61%] Built target turtlesim__rosidl_typesupport_fastrtps_c
[1.135s] [ 71%] Built target turtlesim__rosidl_typesupport_c
[1.138s] [ 71%] Built target ament_cmake_python_copy_turtlesim
[1.178s] [ 71%] Built target turtlesim
[1.193s] [ 73%] Built target draw_square
[1.197s] [ 75%] Built target turtle_teleop_key
[1.200s] [ 77%] Built target mimic
[1.211s] [ 78%] Built target turtlesim__py
[1.219s] [ 84%] Built target turtlesim_node
[1.250s] [ 93%] Built target turtlesim__rosidl_generator_py
[1.290s] [ 97%] Built target turtlesim__rosidl_typesupport_c__pyext
[1.290s] [ 97%] Built target turtlesim__rosidl_typesupport_introspection_c__pyext
[1.290s] [100%] Built target turtlesim__rosidl_typesupport_fastrtps_c__pyext
[1.366s] running egg_info
[1.367s] writing turtlesim.egg-info/PKG-INFO
[1.367s] writing dependency_links to turtlesim.egg-info/dependency_links.txt
[1.368s] writing top-level names to turtlesim.egg-info/top_level.txt
[1.371s] reading manifest file 'turtlesim.egg-info/SOURCES.txt'
[1.373s] writing manifest file 'turtlesim.egg-info/SOURCES.txt'
[1.395s] [100%] Built target ament_cmake_python_build_turtlesim_egg
[1.404s] Invoked command in '/home/murilo_prianti/meu_workspace/build/turtlesim' returned '0': CMAKE_PREFIX_PATH=/opt/ros/humble /usr/bin/cmake --build /home/murilo_prianti/meu_workspace/build/turtlesim -- -j8 -l8
[1.558s] Invoking command in '/home/murilo_prianti/meu_workspace/build/turtlesim': CMAKE_PREFIX_PATH=/opt/ros/humble /usr/bin/cmake --install /home/murilo_prianti/meu_workspace/build/turtlesim
[1.583s] -- Install configuration: ""
[1.593s] -- Up-to-date: /home/murilo_prianti/meu_workspace/install/turtlesim/share/ament_index/resource_index/rosidl_interfaces/turtlesim
[1.593s] -- Up-to-date: /home/murilo_prianti/meu_workspace/install/turtlesim/include/turtlesim/turtlesim
[1.593s] -- Up-to-date: /home/murilo_prianti/meu_workspace/install/turtlesim/include/turtlesim/turtlesim/action
[1.594s] -- Up-to-date: /home/murilo_prianti/meu_workspace/install/turtlesim/include/turtlesim/turtlesim/action/detail
[1.594s] -- Up-to-date: /home/murilo_prianti/meu_workspace/install/turtlesim/include/turtlesim/turtlesim/action/detail/rotate_absolute__struct.h
[1.594s] -- Up-to-date: /home/murilo_prianti/meu_workspace/install/turtlesim/include/turtlesim/turtlesim/action/detail/rotate_absolute__functions.h
[1.594s] -- Up-to-date: /home/murilo_prianti/meu_workspace/install/turtlesim/include/turtlesim/turtlesim/action/detail/rotate_absolute__functions.c
[1.595s] -- Up-to-date: /home/murilo_prianti/meu_workspace/install/turtlesim/include/turtlesim/turtlesim/action/detail/rotate_absolute__type_support.h
[1.595s] -- Up-to-date: /home/murilo_prianti/meu_workspace/install/turtlesim/include/turtlesim/turtlesim/action/rotate_absolute.h
[1.595s] -- Up-to-date: /home/murilo_prianti/meu_workspace/install/turtlesim/include/turtlesim/turtlesim/msg
[1.595s] -- Up-to-date: /home/murilo_prianti/meu_workspace/install/turtlesim/include/turtlesim/turtlesim/msg/pose.h
[1.595s] -- Up-to-date: /home/murilo_prianti/meu_workspace/install/turtlesim/include/turtlesim/turtlesim/msg/rosidl_generator_c__visibility_control.h
[1.595s] -- Up-to-date: /home/murilo_prianti/meu_workspace/install/turtlesim/include/turtlesim/turtlesim/msg/color.h
[1.595s] -- Up-to-date: /home/murilo_prianti/meu_workspace/install/turtlesim/include/turtlesim/turtlesim/msg/detail
[1.595s] -- Up-to-date: /home/murilo_prianti/meu_workspace/install/turtlesim/include/turtlesim/turtlesim/msg/detail/pose__functions.c
[1.596s] -- Up-to-date: /home/murilo_prianti/meu_workspace/install/turtlesim/include/turtlesim/turtlesim/msg/detail/pose__struct.h
[1.596s] -- Up-to-date: /home/murilo_prianti/meu_workspace/install/turtlesim/include/turtlesim/turtlesim/msg/detail/pose__functions.h
[1.596s] -- Up-to-date: /home/murilo_prianti/meu_workspace/install/turtlesim/include/turtlesim/turtlesim/msg/detail/color__type_support.h
[1.596s] -- Up-to-date: /home/murilo_prianti/meu_workspace/install/turtlesim/include/turtlesim/turtlesim/msg/detail/color__functions.h
[1.596s] -- Up-to-date: /home/murilo_prianti/meu_workspace/install/turtlesim/include/turtlesim/turtlesim/msg/detail/color__functions.c
[1.596s] -- Up-to-date: /home/murilo_prianti/meu_workspace/install/turtlesim/include/turtlesim/turtlesim/msg/detail/pose__type_support.h
[1.597s] -- Up-to-date: /home/murilo_prianti/meu_workspace/install/turtlesim/include/turtlesim/turtlesim/msg/detail/color__struct.h
[1.597s] -- Up-to-date: /home/murilo_prianti/meu_workspace/install/turtlesim/include/turtlesim/turtlesim/srv
[1.597s] -- Up-to-date: /home/murilo_prianti/meu_workspace/install/turtlesim/include/turtlesim/turtlesim/srv/teleport_relative.h
[1.597s] -- Up-to-date: /home/murilo_prianti/meu_workspace/install/turtlesim/include/turtlesim/turtlesim/srv/detail
[1.597s] -- Up-to-date: /home/murilo_prianti/meu_workspace/install/turtlesim/include/turtlesim/turtlesim/srv/detail/teleport_relative__struct.h
[1.597s] -- Up-to-date: /home/murilo_prianti/meu_workspace/install/turtlesim/include/turtlesim/turtlesim/srv/detail/teleport_relative__type_support.h
[1.597s] -- Up-to-date: /home/murilo_prianti/meu_workspace/install/turtlesim/include/turtlesim/turtlesim/srv/detail/kill__type_support.h
[1.597s] -- Up-to-date: /home/murilo_prianti/meu_workspace/install/turtlesim/include/turtlesim/turtlesim/srv/detail/kill__struct.h
[1.597s] -- Up-to-date: /home/murilo_prianti/meu_workspace/install/turtlesim/include/turtlesim/turtlesim/srv/detail/spawn__functions.h
[1.598s] -- Up-to-date: /home/murilo_prianti/meu_workspace/install/turtlesim/include/turtlesim/turtlesim/srv/detail/spawn__functions.c
[1.598s] -- Up-to-date: /home/murilo_prianti/meu_workspace/install/turtlesim/include/turtlesim/turtlesim/srv/detail/spawn__type_support.h
[1.598s] -- Up-to-date: /home/murilo_prianti/meu_workspace/install/turtlesim/include/turtlesim/turtlesim/srv/detail/kill__functions.h
[1.598s] -- Up-to-date: /home/murilo_prianti/meu_workspace/install/turtlesim/include/turtlesim/turtlesim/srv/detail/teleport_absolute__type_support.h
[1.598s] -- Up-to-date: /home/murilo_prianti/meu_workspace/install/turtlesim/include/turtlesim/turtlesim/srv/detail/teleport_absolute__functions.c
[1.598s] -- Up-to-date: /home/murilo_prianti/meu_workspace/install/turtlesim/include/turtlesim/turtlesim/srv/detail/set_pen__type_support.h
[1.598s] -- Up-to-date: /home/murilo_prianti/meu_workspace/install/turtlesim/include/turtlesim/turtlesim/srv/detail/teleport_relative__functions.c
[1.598s] -- Up-to-date: /home/murilo_prianti/meu_workspace/install/turtlesim/include/turtlesim/turtlesim/srv/detail/set_pen__functions.h
[1.598s] -- Up-to-date: /home/murilo_prianti/meu_workspace/install/turtlesim/include/turtlesim/turtlesim/srv/detail/set_pen__functions.c
[1.599s] -- Up-to-date: /home/murilo_prianti/meu_workspace/install/turtlesim/include/turtlesim/turtlesim/srv/detail/teleport_relative__functions.h
[1.599s] -- Up-to-date: /home/murilo_prianti/meu_workspace/install/turtlesim/include/turtlesim/turtlesim/srv/detail/kill__functions.c
[1.599s] -- Up-to-date: /home/murilo_prianti/meu_workspace/install/turtlesim/include/turtlesim/turtlesim/srv/detail/set_pen__struct.h
[1.599s] -- Up-to-date: /home/murilo_prianti/meu_workspace/install/turtlesim/include/turtlesim/turtlesim/srv/detail/spawn__struct.h
[1.599s] -- Up-to-date: /home/murilo_prianti/meu_workspace/install/turtlesim/include/turtlesim/turtlesim/srv/detail/teleport_absolute__struct.h
[1.599s] -- Up-to-date: /home/murilo_prianti/meu_workspace/install/turtlesim/include/turtlesim/turtlesim/srv/detail/teleport_absolute__functions.h
[1.599s] -- Up-to-date: /home/murilo_prianti/meu_workspace/install/turtlesim/include/turtlesim/turtlesim/srv/kill.h
[1.599s] -- Up-to-date: /home/murilo_prianti/meu_workspace/install/turtlesim/include/turtlesim/turtlesim/srv/teleport_absolute.h
[1.599s] -- Up-to-date: /home/murilo_prianti/meu_workspace/install/turtlesim/include/turtlesim/turtlesim/srv/set_pen.h
[1.599s] -- Up-to-date: /home/murilo_prianti/meu_workspace/install/turtlesim/include/turtlesim/turtlesim/srv/spawn.h
[1.599s] -- Up-to-date: /home/murilo_prianti/meu_workspace/install/turtlesim/share/turtlesim/environment/library_path.sh
[1.599s] -- Up-to-date: /home/murilo_prianti/meu_workspace/install/turtlesim/share/turtlesim/environment/library_path.dsv
[1.621s] -- Up-to-date: /home/murilo_prianti/meu_workspace/install/turtlesim/lib/libturtlesim__rosidl_generator_c.so
[1.621s] -- Up-to-date: /home/murilo_prianti/meu_workspace/install/turtlesim/include/turtlesim/turtlesim
[1.621s] -- Up-to-date: /home/murilo_prianti/meu_workspace/install/turtlesim/include/turtlesim/turtlesim/action
[1.621s] -- Up-to-date: /home/murilo_prianti/meu_workspace/install/turtlesim/include/turtlesim/turtlesim/action/detail
[1.621s] -- Up-to-date: /home/murilo_prianti/meu_workspace/install/turtlesim/include/turtlesim/turtlesim/action/detail/rotate_absolute__rosidl_typesupport_fastrtps_c.h
[1.621s] -- Up-to-date: /home/murilo_prianti/meu_workspace/install/turtlesim/include/turtlesim/turtlesim/msg
[1.621s] -- Up-to-date: /home/murilo_prianti/meu_workspace/install/turtlesim/include/turtlesim/turtlesim/msg/rosidl_typesupport_fastrtps_c__visibility_control.h
[1.621s] -- Up-to-date: /home/murilo_prianti/meu_workspace/install/turtlesim/include/turtlesim/turtlesim/msg/detail
[1.621s] -- Up-to-date: /home/murilo_prianti/meu_workspace/install/turtlesim/include/turtlesim/turtlesim/msg/detail/color__rosidl_typesupport_fastrtps_c.h
[1.621s] -- Up-to-date: /home/murilo_prianti/meu_workspace/install/turtlesim/include/turtlesim/turtlesim/msg/detail/pose__rosidl_typesupport_fastrtps_c.h
[1.621s] -- Up-to-date: /home/murilo_prianti/meu_workspace/install/turtlesim/include/turtlesim/turtlesim/srv
[1.621s] -- Up-to-date: /home/murilo_prianti/meu_workspace/install/turtlesim/include/turtlesim/turtlesim/srv/detail
[1.621s] -- Up-to-date: /home/murilo_prianti/meu_workspace/install/turtlesim/include/turtlesim/turtlesim/srv/detail/teleport_relative__rosidl_typesupport_fastrtps_c.h
[1.621s] -- Up-to-date: /home/murilo_prianti/meu_workspace/install/turtlesim/include/turtlesim/turtlesim/srv/detail/set_pen__rosidl_typesupport_fastrtps_c.h
[1.622s] -- Up-to-date: /home/murilo_prianti/meu_workspace/install/turtlesim/include/turtlesim/turtlesim/srv/detail/teleport_absolute__rosidl_typesupport_fastrtps_c.h
[1.622s] -- Up-to-date: /home/murilo_prianti/meu_workspace/install/turtlesim/include/turtlesim/turtlesim/srv/detail/kill__rosidl_typesupport_fastrtps_c.h
[1.622s] -- Up-to-date: /home/murilo_prianti/meu_workspace/install/turtlesim/include/turtlesim/turtlesim/srv/detail/spawn__rosidl_typesupport_fastrtps_c.h
[1.629s] -- Up-to-date: /home/murilo_prianti/meu_workspace/install/turtlesim/lib/libturtlesim__rosidl_typesupport_fastrtps_c.so
[1.629s] -- Up-to-date: /home/murilo_prianti/meu_workspace/install/turtlesim/include/turtlesim/turtlesim
[1.629s] -- Up-to-date: /home/murilo_prianti/meu_workspace/install/turtlesim/include/turtlesim/turtlesim/action
[1.630s] -- Up-to-date: /home/murilo_prianti/meu_workspace/install/turtlesim/include/turtlesim/turtlesim/action/rotate_absolute.hpp
[1.630s] -- Up-to-date: /home/murilo_prianti/meu_workspace/install/turtlesim/include/turtlesim/turtlesim/action/detail
[1.630s] -- Up-to-date: /home/murilo_prianti/meu_workspace/install/turtlesim/include/turtlesim/turtlesim/action/detail/rotate_absolute__builder.hpp
[1.630s] -- Up-to-date: /home/murilo_prianti/meu_workspace/install/turtlesim/include/turtlesim/turtlesim/action/detail/rotate_absolute__traits.hpp
[1.630s] -- Up-to-date: /home/murilo_prianti/meu_workspace/install/turtlesim/include/turtlesim/turtlesim/action/detail/rotate_absolute__struct.hpp
[1.630s] -- Up-to-date: /home/murilo_prianti/meu_workspace/install/turtlesim/include/turtlesim/turtlesim/msg
[1.630s] -- Up-to-date: /home/murilo_prianti/meu_workspace/install/turtlesim/include/turtlesim/turtlesim/msg/detail
[1.631s] -- Up-to-date: /home/murilo_prianti/meu_workspace/install/turtlesim/include/turtlesim/turtlesim/msg/detail/color__builder.hpp
[1.631s] -- Up-to-date: /home/murilo_prianti/meu_workspace/install/turtlesim/include/turtlesim/turtlesim/msg/detail/color__traits.hpp
[1.631s] -- Up-to-date: /home/murilo_prianti/meu_workspace/install/turtlesim/include/turtlesim/turtlesim/msg/detail/pose__struct.hpp
[1.631s] -- Up-to-date: /home/murilo_prianti/meu_workspace/install/turtlesim/include/turtlesim/turtlesim/msg/detail/pose__traits.hpp
[1.631s] -- Up-to-date: /home/murilo_prianti/meu_workspace/install/turtlesim/include/turtlesim/turtlesim/msg/detail/pose__builder.hpp
[1.631s] -- Up-to-date: /home/murilo_prianti/meu_workspace/install/turtlesim/include/turtlesim/turtlesim/msg/detail/color__struct.hpp
[1.631s] -- Up-to-date: /home/murilo_prianti/meu_workspace/install/turtlesim/include/turtlesim/turtlesim/msg/pose.hpp
[1.631s] -- Up-to-date: /home/murilo_prianti/meu_workspace/install/turtlesim/include/turtlesim/turtlesim/msg/color.hpp
[1.631s] -- Up-to-date: /home/murilo_prianti/meu_workspace/install/turtlesim/include/turtlesim/turtlesim/srv
[1.631s] -- Up-to-date: /home/murilo_prianti/meu_workspace/install/turtlesim/include/turtlesim/turtlesim/srv/detail
[1.631s] -- Up-to-date: /home/murilo_prianti/meu_workspace/install/turtlesim/include/turtlesim/turtlesim/srv/detail/spawn__traits.hpp
[1.631s] -- Up-to-date: /home/murilo_prianti/meu_workspace/install/turtlesim/include/turtlesim/turtlesim/srv/detail/set_pen__struct.hpp
[1.631s] -- Up-to-date: /home/murilo_prianti/meu_workspace/install/turtlesim/include/turtlesim/turtlesim/srv/detail/teleport_relative__traits.hpp
[1.631s] -- Up-to-date: /home/murilo_prianti/meu_workspace/install/turtlesim/include/turtlesim/turtlesim/srv/detail/set_pen__traits.hpp
[1.631s] -- Up-to-date: /home/murilo_prianti/meu_workspace/install/turtlesim/include/turtlesim/turtlesim/srv/detail/kill__builder.hpp
[1.632s] -- Up-to-date: /home/murilo_prianti/meu_workspace/install/turtlesim/include/turtlesim/turtlesim/srv/detail/teleport_relative__builder.hpp
[1.632s] -- Up-to-date: /home/murilo_prianti/meu_workspace/install/turtlesim/include/turtlesim/turtlesim/srv/detail/spawn__struct.hpp
[1.632s] -- Up-to-date: /home/murilo_prianti/meu_workspace/install/turtlesim/include/turtlesim/turtlesim/srv/detail/spawn__builder.hpp
[1.632s] -- Up-to-date: /home/murilo_prianti/meu_workspace/install/turtlesim/include/turtlesim/turtlesim/srv/detail/teleport_absolute__builder.hpp
[1.632s] -- Up-to-date: /home/murilo_prianti/meu_workspace/install/turtlesim/include/turtlesim/turtlesim/srv/detail/teleport_absolute__traits.hpp
[1.632s] -- Up-to-date: /home/murilo_prianti/meu_workspace/install/turtlesim/include/turtlesim/turtlesim/srv/detail/set_pen__builder.hpp
[1.632s] -- Up-to-date: /home/murilo_prianti/meu_workspace/install/turtlesim/include/turtlesim/turtlesim/srv/detail/teleport_relative__struct.hpp
[1.632s] -- Up-to-date: /home/murilo_prianti/meu_workspace/install/turtlesim/include/turtlesim/turtlesim/srv/detail/kill__traits.hpp
[1.632s] -- Up-to-date: /home/murilo_prianti/meu_workspace/install/turtlesim/include/turtlesim/turtlesim/srv/detail/teleport_absolute__struct.hpp
[1.632s] -- Up-to-date: /home/murilo_prianti/meu_workspace/install/turtlesim/include/turtlesim/turtlesim/srv/detail/kill__struct.hpp
[1.632s] -- Up-to-date: /home/murilo_prianti/meu_workspace/install/turtlesim/include/turtlesim/turtlesim/srv/teleport_relative.hpp
[1.632s] -- Up-to-date: /home/murilo_prianti/meu_workspace/install/turtlesim/include/turtlesim/turtlesim/srv/kill.hpp
[1.632s] -- Up-to-date: /home/murilo_prianti/meu_workspace/install/turtlesim/include/turtlesim/turtlesim/srv/teleport_absolute.hpp
[1.632s] -- Up-to-date: /home/murilo_prianti/meu_workspace/install/turtlesim/include/turtlesim/turtlesim/srv/set_pen.hpp
[1.632s] -- Up-to-date: /home/murilo_prianti/meu_workspace/install/turtlesim/include/turtlesim/turtlesim/srv/spawn.hpp
[1.632s] -- Up-to-date: /home/murilo_prianti/meu_workspace/install/turtlesim/include/turtlesim/turtlesim
[1.632s] -- Up-to-date: /home/murilo_prianti/meu_workspace/install/turtlesim/include/turtlesim/turtlesim/action
[1.632s] -- Up-to-date: /home/murilo_prianti/meu_workspace/install/turtlesim/include/turtlesim/turtlesim/action/detail
[1.632s] -- Up-to-date: /home/murilo_prianti/meu_workspace/install/turtlesim/include/turtlesim/turtlesim/action/detail/dds_fastrtps
[1.632s] -- Up-to-date: /home/murilo_prianti/meu_workspace/install/turtlesim/include/turtlesim/turtlesim/action/detail/rotate_absolute__rosidl_typesupport_fastrtps_cpp.hpp
[1.632s] -- Up-to-date: /home/murilo_prianti/meu_workspace/install/turtlesim/include/turtlesim/turtlesim/msg
[1.632s] -- Up-to-date: /home/murilo_prianti/meu_workspace/install/turtlesim/include/turtlesim/turtlesim/msg/rosidl_typesupport_fastrtps_cpp__visibility_control.h
[1.632s] -- Up-to-date: /home/murilo_prianti/meu_workspace/install/turtlesim/include/turtlesim/turtlesim/msg/detail
[1.632s] -- Up-to-date: /home/murilo_prianti/meu_workspace/install/turtlesim/include/turtlesim/turtlesim/msg/detail/dds_fastrtps
[1.632s] -- Up-to-date: /home/murilo_prianti/meu_workspace/install/turtlesim/include/turtlesim/turtlesim/msg/detail/pose__rosidl_typesupport_fastrtps_cpp.hpp
[1.633s] -- Up-to-date: /home/murilo_prianti/meu_workspace/install/turtlesim/include/turtlesim/turtlesim/msg/detail/color__rosidl_typesupport_fastrtps_cpp.hpp
[1.633s] -- Up-to-date: /home/murilo_prianti/meu_workspace/install/turtlesim/include/turtlesim/turtlesim/srv
[1.633s] -- Up-to-date: /home/murilo_prianti/meu_workspace/install/turtlesim/include/turtlesim/turtlesim/srv/detail
[1.633s] -- Up-to-date: /home/murilo_prianti/meu_workspace/install/turtlesim/include/turtlesim/turtlesim/srv/detail/dds_fastrtps
[1.633s] -- Up-to-date: /home/murilo_prianti/meu_workspace/install/turtlesim/include/turtlesim/turtlesim/srv/detail/teleport_absolute__rosidl_typesupport_fastrtps_cpp.hpp
[1.633s] -- Up-to-date: /home/murilo_prianti/meu_workspace/install/turtlesim/include/turtlesim/turtlesim/srv/detail/spawn__rosidl_typesupport_fastrtps_cpp.hpp
[1.633s] -- Up-to-date: /home/murilo_prianti/meu_workspace/install/turtlesim/include/turtlesim/turtlesim/srv/detail/set_pen__rosidl_typesupport_fastrtps_cpp.hpp
[1.633s] -- Up-to-date: /home/murilo_prianti/meu_workspace/install/turtlesim/include/turtlesim/turtlesim/srv/detail/teleport_relative__rosidl_typesupport_fastrtps_cpp.hpp
[1.633s] -- Up-to-date: /home/murilo_prianti/meu_workspace/install/turtlesim/include/turtlesim/turtlesim/srv/detail/kill__rosidl_typesupport_fastrtps_cpp.hpp
[1.643s] -- Up-to-date: /home/murilo_prianti/meu_workspace/install/turtlesim/lib/libturtlesim__rosidl_typesupport_fastrtps_cpp.so
[1.643s] -- Up-to-date: /home/murilo_prianti/meu_workspace/install/turtlesim/include/turtlesim/turtlesim
[1.643s] -- Up-to-date: /home/murilo_prianti/meu_workspace/install/turtlesim/include/turtlesim/turtlesim/action
[1.643s] -- Up-to-date: /home/murilo_prianti/meu_workspace/install/turtlesim/include/turtlesim/turtlesim/action/detail
[1.643s] -- Up-to-date: /home/murilo_prianti/meu_workspace/install/turtlesim/include/turtlesim/turtlesim/action/detail/rotate_absolute__rosidl_typesupport_introspection_c.h
[1.643s] -- Up-to-date: /home/murilo_prianti/meu_workspace/install/turtlesim/include/turtlesim/turtlesim/action/detail/rotate_absolute__type_support.c
[1.643s] -- Up-to-date: /home/murilo_prianti/meu_workspace/install/turtlesim/include/turtlesim/turtlesim/msg
[1.644s] -- Up-to-date: /home/murilo_prianti/meu_workspace/install/turtlesim/include/turtlesim/turtlesim/msg/detail
[1.644s] -- Up-to-date: /home/murilo_prianti/meu_workspace/install/turtlesim/include/turtlesim/turtlesim/msg/detail/pose__rosidl_typesupport_introspection_c.h
[1.644s] -- Up-to-date: /home/murilo_prianti/meu_workspace/install/turtlesim/include/turtlesim/turtlesim/msg/detail/pose__type_support.c
[1.644s] -- Up-to-date: /home/murilo_prianti/meu_workspace/install/turtlesim/include/turtlesim/turtlesim/msg/detail/color__type_support.c
[1.644s] -- Up-to-date: /home/murilo_prianti/meu_workspace/install/turtlesim/include/turtlesim/turtlesim/msg/detail/color__rosidl_typesupport_introspection_c.h
[1.644s] -- Up-to-date: /home/murilo_prianti/meu_workspace/install/turtlesim/include/turtlesim/turtlesim/msg/rosidl_typesupport_introspection_c__visibility_control.h
[1.644s] -- Up-to-date: /home/murilo_prianti/meu_workspace/install/turtlesim/include/turtlesim/turtlesim/srv
[1.644s] -- Up-to-date: /home/murilo_prianti/meu_workspace/install/turtlesim/include/turtlesim/turtlesim/srv/detail
[1.644s] -- Up-to-date: /home/murilo_prianti/meu_workspace/install/turtlesim/include/turtlesim/turtlesim/srv/detail/teleport_relative__rosidl_typesupport_introspection_c.h
[1.644s] -- Up-to-date: /home/murilo_prianti/meu_workspace/install/turtlesim/include/turtlesim/turtlesim/srv/detail/teleport_relative__type_support.c
[1.644s] -- Up-to-date: /home/murilo_prianti/meu_workspace/install/turtlesim/include/turtlesim/turtlesim/srv/detail/teleport_absolute__rosidl_typesupport_introspection_c.h
[1.644s] -- Up-to-date: /home/murilo_prianti/meu_workspace/install/turtlesim/include/turtlesim/turtlesim/srv/detail/set_pen__rosidl_typesupport_introspection_c.h
[1.645s] -- Up-to-date: /home/murilo_prianti/meu_workspace/install/turtlesim/include/turtlesim/turtlesim/srv/detail/spawn__type_support.c
[1.645s] -- Up-to-date: /home/murilo_prianti/meu_workspace/install/turtlesim/include/turtlesim/turtlesim/srv/detail/kill__rosidl_typesupport_introspection_c.h
[1.645s] -- Up-to-date: /home/murilo_prianti/meu_workspace/install/turtlesim/include/turtlesim/turtlesim/srv/detail/kill__type_support.c
[1.645s] -- Up-to-date: /home/murilo_prianti/meu_workspace/install/turtlesim/include/turtlesim/turtlesim/srv/detail/spawn__rosidl_typesupport_introspection_c.h
[1.645s] -- Up-to-date: /home/murilo_prianti/meu_workspace/install/turtlesim/include/turtlesim/turtlesim/srv/detail/teleport_absolute__type_support.c
[1.645s] -- Up-to-date: /home/murilo_prianti/meu_workspace/install/turtlesim/include/turtlesim/turtlesim/srv/detail/set_pen__type_support.c
[1.658s] -- Up-to-date: /home/murilo_prianti/meu_workspace/install/turtlesim/lib/libturtlesim__rosidl_typesupport_introspection_c.so
[1.664s] -- Up-to-date: /home/murilo_prianti/meu_workspace/install/turtlesim/lib/libturtlesim__rosidl_typesupport_c.so
[1.664s] -- Up-to-date: /home/murilo_prianti/meu_workspace/install/turtlesim/include/turtlesim/turtlesim
[1.664s] -- Up-to-date: /home/murilo_prianti/meu_workspace/install/turtlesim/include/turtlesim/turtlesim/action
[1.664s] -- Up-to-date: /home/murilo_prianti/meu_workspace/install/turtlesim/include/turtlesim/turtlesim/action/detail
[1.664s] -- Up-to-date: /home/murilo_prianti/meu_workspace/install/turtlesim/include/turtlesim/turtlesim/action/detail/rotate_absolute__rosidl_typesupport_introspection_cpp.hpp
[1.664s] -- Up-to-date: /home/murilo_prianti/meu_workspace/install/turtlesim/include/turtlesim/turtlesim/action/detail/rotate_absolute__type_support.cpp
[1.664s] -- Up-to-date: /home/murilo_prianti/meu_workspace/install/turtlesim/include/turtlesim/turtlesim/msg
[1.664s] -- Up-to-date: /home/murilo_prianti/meu_workspace/install/turtlesim/include/turtlesim/turtlesim/msg/detail
[1.664s] -- Up-to-date: /home/murilo_prianti/meu_workspace/install/turtlesim/include/turtlesim/turtlesim/msg/detail/color__type_support.cpp
[1.664s] -- Up-to-date: /home/murilo_prianti/meu_workspace/install/turtlesim/include/turtlesim/turtlesim/msg/detail/pose__type_support.cpp
[1.664s] -- Up-to-date: /home/murilo_prianti/meu_workspace/install/turtlesim/include/turtlesim/turtlesim/msg/detail/pose__rosidl_typesupport_introspection_cpp.hpp
[1.664s] -- Up-to-date: /home/murilo_prianti/meu_workspace/install/turtlesim/include/turtlesim/turtlesim/msg/detail/color__rosidl_typesupport_introspection_cpp.hpp
[1.665s] -- Up-to-date: /home/murilo_prianti/meu_workspace/install/turtlesim/include/turtlesim/turtlesim/srv
[1.665s] -- Up-to-date: /home/murilo_prianti/meu_workspace/install/turtlesim/include/turtlesim/turtlesim/srv/detail
[1.665s] -- Up-to-date: /home/murilo_prianti/meu_workspace/install/turtlesim/include/turtlesim/turtlesim/srv/detail/kill__rosidl_typesupport_introspection_cpp.hpp
[1.665s] -- Up-to-date: /home/murilo_prianti/meu_workspace/install/turtlesim/include/turtlesim/turtlesim/srv/detail/teleport_relative__rosidl_typesupport_introspection_cpp.hpp
[1.665s] -- Up-to-date: /home/murilo_prianti/meu_workspace/install/turtlesim/include/turtlesim/turtlesim/srv/detail/spawn__type_support.cpp
[1.665s] -- Up-to-date: /home/murilo_prianti/meu_workspace/install/turtlesim/include/turtlesim/turtlesim/srv/detail/teleport_absolute__rosidl_typesupport_introspection_cpp.hpp
[1.665s] -- Up-to-date: /home/murilo_prianti/meu_workspace/install/turtlesim/include/turtlesim/turtlesim/srv/detail/kill__type_support.cpp
[1.665s] -- Up-to-date: /home/murilo_prianti/meu_workspace/install/turtlesim/include/turtlesim/turtlesim/srv/detail/set_pen__type_support.cpp
[1.665s] -- Up-to-date: /home/murilo_prianti/meu_workspace/install/turtlesim/include/turtlesim/turtlesim/srv/detail/spawn__rosidl_typesupport_introspection_cpp.hpp
[1.665s] -- Up-to-date: /home/murilo_prianti/meu_workspace/install/turtlesim/include/turtlesim/turtlesim/srv/detail/teleport_relative__type_support.cpp
[1.665s] -- Up-to-date: /home/murilo_prianti/meu_workspace/install/turtlesim/include/turtlesim/turtlesim/srv/detail/teleport_absolute__type_support.cpp
[1.665s] -- Up-to-date: /home/murilo_prianti/meu_workspace/install/turtlesim/include/turtlesim/turtlesim/srv/detail/set_pen__rosidl_typesupport_introspection_cpp.hpp
[1.671s] -- Up-to-date: /home/murilo_prianti/meu_workspace/install/turtlesim/lib/libturtlesim__rosidl_typesupport_introspection_cpp.so
[1.688s] -- Up-to-date: /home/murilo_prianti/meu_workspace/install/turtlesim/lib/libturtlesim__rosidl_typesupport_cpp.so
[1.688s] -- Up-to-date: /home/murilo_prianti/meu_workspace/install/turtlesim/share/turtlesim/environment/pythonpath.sh
[1.688s] -- Up-to-date: /home/murilo_prianti/meu_workspace/install/turtlesim/share/turtlesim/environment/pythonpath.dsv
[1.688s] -- Up-to-date: /home/murilo_prianti/meu_workspace/install/turtlesim/local/lib/python3.10/dist-packages/turtlesim-1.4.2-py3.10.egg-info
[1.688s] -- Installing: /home/murilo_prianti/meu_workspace/install/turtlesim/local/lib/python3.10/dist-packages/turtlesim-1.4.2-py3.10.egg-info/top_level.txt
[1.688s] -- Installing: /home/murilo_prianti/meu_workspace/install/turtlesim/local/lib/python3.10/dist-packages/turtlesim-1.4.2-py3.10.egg-info/PKG-INFO
[1.688s] -- Installing: /home/murilo_prianti/meu_workspace/install/turtlesim/local/lib/python3.10/dist-packages/turtlesim-1.4.2-py3.10.egg-info/SOURCES.txt
[1.689s] -- Installing: /home/murilo_prianti/meu_workspace/install/turtlesim/local/lib/python3.10/dist-packages/turtlesim-1.4.2-py3.10.egg-info/dependency_links.txt
[1.689s] -- Up-to-date: /home/murilo_prianti/meu_workspace/install/turtlesim/local/lib/python3.10/dist-packages/turtlesim
[1.689s] -- Up-to-date: /home/murilo_prianti/meu_workspace/install/turtlesim/local/lib/python3.10/dist-packages/turtlesim/turtlesim_s__rosidl_typesupport_introspection_c.cpython-310-x86_64-linux-gnu.so
[1.689s] -- Up-to-date: /home/murilo_prianti/meu_workspace/install/turtlesim/local/lib/python3.10/dist-packages/turtlesim/turtlesim_s__rosidl_typesupport_fastrtps_c.cpython-310-x86_64-linux-gnu.so
[1.689s] -- Up-to-date: /home/murilo_prianti/meu_workspace/install/turtlesim/local/lib/python3.10/dist-packages/turtlesim/turtlesim_s__rosidl_typesupport_c.cpython-310-x86_64-linux-gnu.so
[1.689s] -- Up-to-date: /home/murilo_prianti/meu_workspace/install/turtlesim/local/lib/python3.10/dist-packages/turtlesim/action
[1.689s] -- Up-to-date: /home/murilo_prianti/meu_workspace/install/turtlesim/local/lib/python3.10/dist-packages/turtlesim/action/_rotate_absolute.py
[1.689s] -- Up-to-date: /home/murilo_prianti/meu_workspace/install/turtlesim/local/lib/python3.10/dist-packages/turtlesim/action/__init__.py
[1.689s] -- Up-to-date: /home/murilo_prianti/meu_workspace/install/turtlesim/local/lib/python3.10/dist-packages/turtlesim/action/_rotate_absolute_s.c
[1.690s] -- Up-to-date: /home/murilo_prianti/meu_workspace/install/turtlesim/local/lib/python3.10/dist-packages/turtlesim/_turtlesim_s.ep.rosidl_typesupport_fastrtps_c.c
[1.690s] -- Up-to-date: /home/murilo_prianti/meu_workspace/install/turtlesim/local/lib/python3.10/dist-packages/turtlesim/__init__.py
[1.690s] -- Up-to-date: /home/murilo_prianti/meu_workspace/install/turtlesim/local/lib/python3.10/dist-packages/turtlesim/_turtlesim_s.ep.rosidl_typesupport_introspection_c.c
[1.690s] -- Up-to-date: /home/murilo_prianti/meu_workspace/install/turtlesim/local/lib/python3.10/dist-packages/turtlesim/_turtlesim_s.ep.rosidl_typesupport_c.c
[1.690s] -- Up-to-date: /home/murilo_prianti/meu_workspace/install/turtlesim/local/lib/python3.10/dist-packages/turtlesim/msg
[1.690s] -- Up-to-date: /home/murilo_prianti/meu_workspace/install/turtlesim/local/lib/python3.10/dist-packages/turtlesim/msg/_pose.py
[1.690s] -- Up-to-date: /home/murilo_prianti/meu_workspace/install/turtlesim/local/lib/python3.10/dist-packages/turtlesim/msg/_pose_s.c
[1.690s] -- Up-to-date: /home/murilo_prianti/meu_workspace/install/turtlesim/local/lib/python3.10/dist-packages/turtlesim/msg/_color.py
[1.690s] -- Up-to-date: /home/murilo_prianti/meu_workspace/install/turtlesim/local/lib/python3.10/dist-packages/turtlesim/msg/__init__.py
[1.690s] -- Up-to-date: /home/murilo_prianti/meu_workspace/install/turtlesim/local/lib/python3.10/dist-packages/turtlesim/msg/_color_s.c
[1.690s] -- Up-to-date: /home/murilo_prianti/meu_workspace/install/turtlesim/local/lib/python3.10/dist-packages/turtlesim/srv
[1.690s] -- Up-to-date: /home/murilo_prianti/meu_workspace/install/turtlesim/local/lib/python3.10/dist-packages/turtlesim/srv/_teleport_relative_s.c
[1.690s] -- Up-to-date: /home/murilo_prianti/meu_workspace/install/turtlesim/local/lib/python3.10/dist-packages/turtlesim/srv/_teleport_absolute.py
[1.690s] -- Up-to-date: /home/murilo_prianti/meu_workspace/install/turtlesim/local/lib/python3.10/dist-packages/turtlesim/srv/_teleport_relative.py
[1.690s] -- Up-to-date: /home/murilo_prianti/meu_workspace/install/turtlesim/local/lib/python3.10/dist-packages/turtlesim/srv/_spawn_s.c
[1.691s] -- Up-to-date: /home/murilo_prianti/meu_workspace/install/turtlesim/local/lib/python3.10/dist-packages/turtlesim/srv/_teleport_absolute_s.c
[1.691s] -- Up-to-date: /home/murilo_prianti/meu_workspace/install/turtlesim/local/lib/python3.10/dist-packages/turtlesim/srv/__init__.py
[1.691s] -- Up-to-date: /home/murilo_prianti/meu_workspace/install/turtlesim/local/lib/python3.10/dist-packages/turtlesim/srv/_kill_s.c
[1.691s] -- Up-to-date: /home/murilo_prianti/meu_workspace/install/turtlesim/local/lib/python3.10/dist-packages/turtlesim/srv/_kill.py
[1.691s] -- Up-to-date: /home/murilo_prianti/meu_workspace/install/turtlesim/local/lib/python3.10/dist-packages/turtlesim/srv/_set_pen_s.c
[1.691s] -- Up-to-date: /home/murilo_prianti/meu_workspace/install/turtlesim/local/lib/python3.10/dist-packages/turtlesim/srv/_set_pen.py
[1.691s] -- Up-to-date: /home/murilo_prianti/meu_workspace/install/turtlesim/local/lib/python3.10/dist-packages/turtlesim/srv/_spawn.py
[1.691s] -- Up-to-date: /home/murilo_prianti/meu_workspace/install/turtlesim/local/lib/python3.10/dist-packages/turtlesim/libturtlesim__rosidl_generator_py.so
[1.781s] Listing '/home/murilo_prianti/meu_workspace/install/turtlesim/local/lib/python3.10/dist-packages/turtlesim'...
[1.781s] Listing '/home/murilo_prianti/meu_workspace/install/turtlesim/local/lib/python3.10/dist-packages/turtlesim/action'...
[1.781s] Listing '/home/murilo_prianti/meu_workspace/install/turtlesim/local/lib/python3.10/dist-packages/turtlesim/msg'...
[1.781s] Listing '/home/murilo_prianti/meu_workspace/install/turtlesim/local/lib/python3.10/dist-packages/turtlesim/srv'...
[1.794s] -- Up-to-date: /home/murilo_prianti/meu_workspace/install/turtlesim/local/lib/python3.10/dist-packages/turtlesim/turtlesim_s__rosidl_typesupport_fastrtps_c.cpython-310-x86_64-linux-gnu.so
[1.799s] -- Up-to-date: /home/murilo_prianti/meu_workspace/install/turtlesim/local/lib/python3.10/dist-packages/turtlesim/turtlesim_s__rosidl_typesupport_introspection_c.cpython-310-x86_64-linux-gnu.so
[1.807s] -- Up-to-date: /home/murilo_prianti/meu_workspace/install/turtlesim/local/lib/python3.10/dist-packages/turtlesim/turtlesim_s__rosidl_typesupport_c.cpython-310-x86_64-linux-gnu.so
[1.814s] -- Up-to-date: /home/murilo_prianti/meu_workspace/install/turtlesim/lib/libturtlesim__rosidl_generator_py.so
[1.814s] -- Up-to-date: /home/murilo_prianti/meu_workspace/install/turtlesim/share/turtlesim/action/RotateAbsolute.idl
[1.814s] -- Up-to-date: /home/murilo_prianti/meu_workspace/install/turtlesim/share/turtlesim/msg/Color.idl
[1.814s] -- Up-to-date: /home/murilo_prianti/meu_workspace/install/turtlesim/share/turtlesim/msg/Pose.idl
[1.815s] -- Up-to-date: /home/murilo_prianti/meu_workspace/install/turtlesim/share/turtlesim/srv/Kill.idl
[1.815s] -- Up-to-date: /home/murilo_prianti/meu_workspace/install/turtlesim/share/turtlesim/srv/SetPen.idl
[1.815s] -- Up-to-date: /home/murilo_prianti/meu_workspace/install/turtlesim/share/turtlesim/srv/Spawn.idl
[1.815s] -- Up-to-date: /home/murilo_prianti/meu_workspace/install/turtlesim/share/turtlesim/srv/TeleportAbsolute.idl
[1.815s] -- Up-to-date: /home/murilo_prianti/meu_workspace/install/turtlesim/share/turtlesim/srv/TeleportRelative.idl
[1.815s] -- Up-to-date: /home/murilo_prianti/meu_workspace/install/turtlesim/share/turtlesim/action/RotateAbsolute.action
[1.815s] -- Up-to-date: /home/murilo_prianti/meu_workspace/install/turtlesim/share/turtlesim/msg/Color.msg
[1.815s] -- Up-to-date: /home/murilo_prianti/meu_workspace/install/turtlesim/share/turtlesim/msg/Pose.msg
[1.815s] -- Up-to-date: /home/murilo_prianti/meu_workspace/install/turtlesim/share/turtlesim/srv/Kill.srv
[1.815s] -- Up-to-date: /home/murilo_prianti/meu_workspace/install/turtlesim/share/turtlesim/srv/Kill_Request.msg
[1.815s] -- Up-to-date: /home/murilo_prianti/meu_workspace/install/turtlesim/share/turtlesim/srv/Kill_Response.msg
[1.815s] -- Up-to-date: /home/murilo_prianti/meu_workspace/install/turtlesim/share/turtlesim/srv/SetPen.srv
[1.815s] -- Up-to-date: /home/murilo_prianti/meu_workspace/install/turtlesim/share/turtlesim/srv/SetPen_Request.msg
[1.815s] -- Up-to-date: /home/murilo_prianti/meu_workspace/install/turtlesim/share/turtlesim/srv/SetPen_Response.msg
[1.816s] -- Up-to-date: /home/murilo_prianti/meu_workspace/install/turtlesim/share/turtlesim/srv/Spawn.srv
[1.816s] -- Up-to-date: /home/murilo_prianti/meu_workspace/install/turtlesim/share/turtlesim/srv/Spawn_Request.msg
[1.816s] -- Up-to-date: /home/murilo_prianti/meu_workspace/install/turtlesim/share/turtlesim/srv/Spawn_Response.msg
[1.816s] -- Up-to-date: /home/murilo_prianti/meu_workspace/install/turtlesim/share/turtlesim/srv/TeleportAbsolute.srv
[1.816s] -- Up-to-date: /home/murilo_prianti/meu_workspace/install/turtlesim/share/turtlesim/srv/TeleportAbsolute_Request.msg
[1.816s] -- Up-to-date: /home/murilo_prianti/meu_workspace/install/turtlesim/share/turtlesim/srv/TeleportAbsolute_Response.msg
[1.816s] -- Up-to-date: /home/murilo_prianti/meu_workspace/install/turtlesim/share/turtlesim/srv/TeleportRelative.srv
[1.816s] -- Up-to-date: /home/murilo_prianti/meu_workspace/install/turtlesim/share/turtlesim/srv/TeleportRelative_Request.msg
[1.816s] -- Up-to-date: /home/murilo_prianti/meu_workspace/install/turtlesim/share/turtlesim/srv/TeleportRelative_Response.msg
[1.826s] -- Up-to-date: /home/murilo_prianti/meu_workspace/install/turtlesim/lib/turtlesim/turtlesim_node
[1.918s] -- Up-to-date: /home/murilo_prianti/meu_workspace/install/turtlesim/lib/turtlesim/turtle_teleop_key
[1.944s] -- Up-to-date: /home/murilo_prianti/meu_workspace/install/turtlesim/lib/turtlesim/draw_square
[1.948s] -- Up-to-date: /home/murilo_prianti/meu_workspace/install/turtlesim/lib/turtlesim/mimic
[1.949s] -- Up-to-date: /home/murilo_prianti/meu_workspace/install/turtlesim/share/turtlesim/images
[1.949s] -- Up-to-date: /home/murilo_prianti/meu_workspace/install/turtlesim/share/turtlesim/images/eloquent.png
[1.949s] -- Up-to-date: /home/murilo_prianti/meu_workspace/install/turtlesim/share/turtlesim/images/dashing.png
[1.949s] -- Up-to-date: /home/murilo_prianti/meu_workspace/install/turtlesim/share/turtlesim/images/bouncy.png
[1.949s] -- Up-to-date: /home/murilo_prianti/meu_workspace/install/turtlesim/share/turtlesim/images/humble.png
[1.949s] -- Up-to-date: /home/murilo_prianti/meu_workspace/install/turtlesim/share/turtlesim/images/rolling.png
[1.950s] -- Up-to-date: /home/murilo_prianti/meu_workspace/install/turtlesim/share/turtlesim/images/crystal.png
[1.950s] -- Up-to-date: /home/murilo_prianti/meu_workspace/install/turtlesim/share/turtlesim/images/foxy.png
[1.950s] -- Up-to-date: /home/murilo_prianti/meu_workspace/install/turtlesim/share/turtlesim/images/galactic.png
[1.950s] -- Up-to-date: /home/murilo_prianti/meu_workspace/install/turtlesim/share/turtlesim/images/ardent.png
[1.950s] -- Up-to-date: /home/murilo_prianti/meu_workspace/install/turtlesim/share/turtlesim/launch
[1.950s] -- Up-to-date: /home/murilo_prianti/meu_workspace/install/turtlesim/share/turtlesim/launch/multisim.launch.py
[1.950s] -- Up-to-date: /home/murilo_prianti/meu_workspace/install/turtlesim/share/ament_index/resource_index/package_run_dependencies/turtlesim
[1.950s] -- Up-to-date: /home/murilo_prianti/meu_workspace/install/turtlesim/share/ament_index/resource_index/parent_prefix_path/turtlesim
[1.950s] -- Up-to-date: /home/murilo_prianti/meu_workspace/install/turtlesim/share/turtlesim/environment/ament_prefix_path.sh
[1.950s] -- Up-to-date: /home/murilo_prianti/meu_workspace/install/turtlesim/share/turtlesim/environment/ament_prefix_path.dsv
[1.950s] -- Up-to-date: /home/murilo_prianti/meu_workspace/install/turtlesim/share/turtlesim/environment/path.sh
[1.950s] -- Up-to-date: /home/murilo_prianti/meu_workspace/install/turtlesim/share/turtlesim/environment/path.dsv
[1.950s] -- Up-to-date: /home/murilo_prianti/meu_workspace/install/turtlesim/share/turtlesim/local_setup.bash
[1.951s] -- Up-to-date: /home/murilo_prianti/meu_workspace/install/turtlesim/share/turtlesim/local_setup.sh
[1.951s] -- Up-to-date: /home/murilo_prianti/meu_workspace/install/turtlesim/share/turtlesim/local_setup.zsh
[1.951s] -- Up-to-date: /home/murilo_prianti/meu_workspace/install/turtlesim/share/turtlesim/local_setup.dsv
[1.951s] -- Installing: /home/murilo_prianti/meu_workspace/install/turtlesim/share/turtlesim/package.dsv
[1.965s] -- Up-to-date: /home/murilo_prianti/meu_workspace/install/turtlesim/share/ament_index/resource_index/packages/turtlesim
[1.969s] -- Up-to-date: /home/murilo_prianti/meu_workspace/install/turtlesim/share/turtlesim/cmake/export_turtlesim__rosidl_generator_cExport.cmake
[1.969s] -- Up-to-date: /home/murilo_prianti/meu_workspace/install/turtlesim/share/turtlesim/cmake/export_turtlesim__rosidl_generator_cExport-noconfig.cmake
[1.973s] -- Up-to-date: /home/murilo_prianti/meu_workspace/install/turtlesim/share/turtlesim/cmake/export_turtlesim__rosidl_typesupport_fastrtps_cExport.cmake
[1.973s] -- Up-to-date: /home/murilo_prianti/meu_workspace/install/turtlesim/share/turtlesim/cmake/export_turtlesim__rosidl_typesupport_fastrtps_cExport-noconfig.cmake
[1.976s] -- Up-to-date: /home/murilo_prianti/meu_workspace/install/turtlesim/share/turtlesim/cmake/export_turtlesim__rosidl_generator_cppExport.cmake
[1.978s] -- Up-to-date: /home/murilo_prianti/meu_workspace/install/turtlesim/share/turtlesim/cmake/export_turtlesim__rosidl_typesupport_fastrtps_cppExport.cmake
[1.978s] -- Up-to-date: /home/murilo_prianti/meu_workspace/install/turtlesim/share/turtlesim/cmake/export_turtlesim__rosidl_typesupport_fastrtps_cppExport-noconfig.cmake
[1.979s] -- Up-to-date: /home/murilo_prianti/meu_workspace/install/turtlesim/share/turtlesim/cmake/turtlesim__rosidl_typesupport_introspection_cExport.cmake
[1.979s] -- Up-to-date: /home/murilo_prianti/meu_workspace/install/turtlesim/share/turtlesim/cmake/turtlesim__rosidl_typesupport_introspection_cExport-noconfig.cmake
[1.982s] -- Up-to-date: /home/murilo_prianti/meu_workspace/install/turtlesim/share/turtlesim/cmake/turtlesim__rosidl_typesupport_cExport.cmake
[1.982s] -- Up-to-date: /home/murilo_prianti/meu_workspace/install/turtlesim/share/turtlesim/cmake/turtlesim__rosidl_typesupport_cExport-noconfig.cmake
[1.985s] -- Up-to-date: /home/murilo_prianti/meu_workspace/install/turtlesim/share/turtlesim/cmake/turtlesim__rosidl_typesupport_introspection_cppExport.cmake
[1.986s] -- Up-to-date: /home/murilo_prianti/meu_workspace/install/turtlesim/share/turtlesim/cmake/turtlesim__rosidl_typesupport_introspection_cppExport-noconfig.cmake
[1.990s] -- Up-to-date: /home/murilo_prianti/meu_workspace/install/turtlesim/share/turtlesim/cmake/turtlesim__rosidl_typesupport_cppExport.cmake
[1.990s] -- Up-to-date: /home/murilo_prianti/meu_workspace/install/turtlesim/share/turtlesim/cmake/turtlesim__rosidl_typesupport_cppExport-noconfig.cmake
[2.003s] -- Up-to-date: /home/murilo_prianti/meu_workspace/install/turtlesim/share/turtlesim/cmake/export_turtlesim__rosidl_generator_pyExport.cmake
[2.003s] -- Up-to-date: /home/murilo_prianti/meu_workspace/install/turtlesim/share/turtlesim/cmake/export_turtlesim__rosidl_generator_pyExport-noconfig.cmake
[2.003s] -- Up-to-date: /home/murilo_prianti/meu_workspace/install/turtlesim/share/turtlesim/cmake/rosidl_cmake-extras.cmake
[2.003s] -- Up-to-date: /home/murilo_prianti/meu_workspace/install/turtlesim/share/turtlesim/cmake/ament_cmake_export_dependencies-extras.cmake
[2.003s] -- Up-to-date: /home/murilo_prianti/meu_workspace/install/turtlesim/share/turtlesim/cmake/ament_cmake_export_include_directories-extras.cmake
[2.003s] -- Up-to-date: /home/murilo_prianti/meu_workspace/install/turtlesim/share/turtlesim/cmake/ament_cmake_export_libraries-extras.cmake
[2.003s] -- Up-to-date: /home/murilo_prianti/meu_workspace/install/turtlesim/share/turtlesim/cmake/ament_cmake_export_targets-extras.cmake
[2.003s] -- Up-to-date: /home/murilo_prianti/meu_workspace/install/turtlesim/share/turtlesim/cmake/rosidl_cmake_export_typesupport_targets-extras.cmake
[2.003s] -- Up-to-date: /home/murilo_prianti/meu_workspace/install/turtlesim/share/turtlesim/cmake/rosidl_cmake_export_typesupport_libraries-extras.cmake
[2.003s] -- Up-to-date: /home/murilo_prianti/meu_workspace/install/turtlesim/share/turtlesim/cmake/turtlesimConfig.cmake
[2.003s] -- Up-to-date: /home/murilo_prianti/meu_workspace/install/turtlesim/share/turtlesim/cmake/turtlesimConfig-version.cmake
[2.003s] -- Up-to-date: /home/murilo_prianti/meu_workspace/install/turtlesim/share/turtlesim/package.xml
[2.017s] Invoked command in '/home/murilo_prianti/meu_workspace/build/turtlesim' returned '0': CMAKE_PREFIX_PATH=/opt/ros/humble /usr/bin/cmake --install /home/murilo_prianti/meu_workspace/build/turtlesim
