[0.736s] Invoking command in '/home/murilo_prianti/meu_workspace/src/ola_mundo': PYTHONPATH=/home/murilo_prianti/meu_workspace/build/ola_mundo/prefix_override:/home/murilo_prianti/meu_workspace/install/ola_mundo/lib/python3.10/site-packages:${PYTHONPATH} /usr/bin/python3 -W ignore:setup.py install is deprecated setup.py egg_info --egg-base ../../build/ola_mundo build --build-base /home/murilo_prianti/meu_workspace/build/ola_mundo/build install --record /home/murilo_prianti/meu_workspace/build/ola_mundo/install.log --single-version-externally-managed install_data
[0.924s] running egg_info
[0.925s] writing ../../build/ola_mundo/ola_mundo.egg-info/PKG-INFO
[0.925s] writing dependency_links to ../../build/ola_mundo/ola_mundo.egg-info/dependency_links.txt
[0.925s] writing entry points to ../../build/ola_mundo/ola_mundo.egg-info/entry_points.txt
[0.925s] writing requirements to ../../build/ola_mundo/ola_mundo.egg-info/requires.txt
[0.925s] writing top-level names to ../../build/ola_mundo/ola_mundo.egg-info/top_level.txt
[0.927s] reading manifest file '../../build/ola_mundo/ola_mundo.egg-info/SOURCES.txt'
[0.927s] writing manifest file '../../build/ola_mundo/ola_mundo.egg-info/SOURCES.txt'
[0.928s] running build
[0.928s] running build_py
[0.928s] running install
[0.928s] running install_lib
[0.929s] running install_data
[0.929s] running install_egg_info
[0.930s] removing '/home/murilo_prianti/meu_workspace/install/ola_mundo/lib/python3.10/site-packages/ola_mundo-0.0.0-py3.10.egg-info' (and everything under it)
[0.930s] Copying ../../build/ola_mundo/ola_mundo.egg-info to /home/murilo_prianti/meu_workspace/install/ola_mundo/lib/python3.10/site-packages/ola_mundo-0.0.0-py3.10.egg-info
[0.931s] running install_scripts
[0.959s] Installing ola script to /home/murilo_prianti/meu_workspace/install/ola_mundo/lib/ola_mundo
[0.962s] writing list of installed files to '/home/murilo_prianti/meu_workspace/build/ola_mundo/install.log'
[0.974s] Invoked command in '/home/murilo_prianti/meu_workspace/src/ola_mundo' returned '0': PYTHONPATH=/home/murilo_prianti/meu_workspace/build/ola_mundo/prefix_override:/home/murilo_prianti/meu_workspace/install/ola_mundo/lib/python3.10/site-packages:${PYTHONPATH} /usr/bin/python3 -W ignore:setup.py install is deprecated setup.py egg_info --egg-base ../../build/ola_mundo build --build-base /home/murilo_prianti/meu_workspace/build/ola_mundo/build install --record /home/murilo_prianti/meu_workspace/build/ola_mundo/install.log --single-version-externally-managed install_data
