[0.701s] Invoking command in '/home/murilo_prianti/meu_workspace/src/ponderada_semana_2': PYTHONPATH=/home/murilo_prianti/meu_workspace/build/ponderada_semana_2/prefix_override:/home/murilo_prianti/meu_workspace/install/ponderada_semana_2/lib/python3.10/site-packages:${PYTHONPATH} /usr/bin/python3 -W ignore:setup.py install is deprecated setup.py egg_info --egg-base ../../build/ponderada_semana_2 build --build-base /home/murilo_prianti/meu_workspace/build/ponderada_semana_2/build install --record /home/murilo_prianti/meu_workspace/build/ponderada_semana_2/install.log --single-version-externally-managed install_data
[0.914s] running egg_info
[0.915s] writing ../../build/ponderada_semana_2/ponderada_semana_2.egg-info/PKG-INFO
[0.915s] writing dependency_links to ../../build/ponderada_semana_2/ponderada_semana_2.egg-info/dependency_links.txt
[0.915s] writing entry points to ../../build/ponderada_semana_2/ponderada_semana_2.egg-info/entry_points.txt
[0.915s] writing requirements to ../../build/ponderada_semana_2/ponderada_semana_2.egg-info/requires.txt
[0.915s] writing top-level names to ../../build/ponderada_semana_2/ponderada_semana_2.egg-info/top_level.txt
[0.917s] reading manifest file '../../build/ponderada_semana_2/ponderada_semana_2.egg-info/SOURCES.txt'
[0.918s] writing manifest file '../../build/ponderada_semana_2/ponderada_semana_2.egg-info/SOURCES.txt'
[0.919s] running build
[0.920s] running build_py
[0.920s] copying ponderada_semana_2/ponderada_2.py -> /home/murilo_prianti/meu_workspace/build/ponderada_semana_2/build/lib/ponderada_semana_2
[0.921s] running install
[0.921s] running install_lib
[0.921s] copying /home/murilo_prianti/meu_workspace/build/ponderada_semana_2/build/lib/ponderada_semana_2/ponderada_2.py -> /home/murilo_prianti/meu_workspace/install/ponderada_semana_2/lib/python3.10/site-packages/ponderada_semana_2
[0.921s] byte-compiling /home/murilo_prianti/meu_workspace/install/ponderada_semana_2/lib/python3.10/site-packages/ponderada_semana_2/ponderada_2.py to ponderada_2.cpython-310.pyc
[0.921s] running install_data
[0.922s] running install_egg_info
[0.923s] removing '/home/murilo_prianti/meu_workspace/install/ponderada_semana_2/lib/python3.10/site-packages/ponderada_semana_2-0.0.0-py3.10.egg-info' (and everything under it)
[0.924s] Copying ../../build/ponderada_semana_2/ponderada_semana_2.egg-info to /home/murilo_prianti/meu_workspace/install/ponderada_semana_2/lib/python3.10/site-packages/ponderada_semana_2-0.0.0-py3.10.egg-info
[0.925s] running install_scripts
[0.949s] Installing ponderada_2 script to /home/murilo_prianti/meu_workspace/install/ponderada_semana_2/lib/ponderada_semana_2
[0.949s] writing list of installed files to '/home/murilo_prianti/meu_workspace/build/ponderada_semana_2/install.log'
[0.973s] Invoked command in '/home/murilo_prianti/meu_workspace/src/ponderada_semana_2' returned '0': PYTHONPATH=/home/murilo_prianti/meu_workspace/build/ponderada_semana_2/prefix_override:/home/murilo_prianti/meu_workspace/install/ponderada_semana_2/lib/python3.10/site-packages:${PYTHONPATH} /usr/bin/python3 -W ignore:setup.py install is deprecated setup.py egg_info --egg-base ../../build/ponderada_semana_2 build --build-base /home/murilo_prianti/meu_workspace/build/ponderada_semana_2/build install --record /home/murilo_prianti/meu_workspace/build/ponderada_semana_2/install.log --single-version-externally-managed install_data
