[2.182s] Invoking command in '/home/murilo_prianti/meu_workspace/src/ola_mundo': PYTHONPATH=/home/murilo_prianti/meu_workspace/build/ola_mundo/prefix_override:/home/murilo_prianti/meu_workspace/install/ola_mundo/lib/python3.10/site-packages:${PYTHONPATH} /usr/bin/python3 -W ignore:setup.py install is deprecated setup.py egg_info --egg-base ../../build/ola_mundo build --build-base /home/murilo_prianti/meu_workspace/build/ola_mundo/build install --record /home/murilo_prianti/meu_workspace/build/ola_mundo/install.log --single-version-externally-managed install_data
[2.391s] running egg_info
[2.391s] writing ../../build/ola_mundo/ola_mundo.egg-info/PKG-INFO
[2.395s] writing dependency_links to ../../build/ola_mundo/ola_mundo.egg-info/dependency_links.txt
[2.395s] writing entry points to ../../build/ola_mundo/ola_mundo.egg-info/entry_points.txt
[2.396s] writing requirements to ../../build/ola_mundo/ola_mundo.egg-info/requires.txt
[2.396s] writing top-level names to ../../build/ola_mundo/ola_mundo.egg-info/top_level.txt
[2.397s] reading manifest file '../../build/ola_mundo/ola_mundo.egg-info/SOURCES.txt'
[2.406s] writing manifest file '../../build/ola_mundo/ola_mundo.egg-info/SOURCES.txt'
[2.406s] running build
[2.406s] running build_py
[2.406s] running install
[2.407s] running install_lib
[2.408s] running install_data
[2.408s] running install_egg_info
[2.411s] removing '/home/murilo_prianti/meu_workspace/install/ola_mundo/lib/python3.10/site-packages/ola_mundo-0.0.0-py3.10.egg-info' (and everything under it)
[2.411s] Copying ../../build/ola_mundo/ola_mundo.egg-info to /home/murilo_prianti/meu_workspace/install/ola_mundo/lib/python3.10/site-packages/ola_mundo-0.0.0-py3.10.egg-info
[2.414s] running install_scripts
[2.439s] Installing ola script to /home/murilo_prianti/meu_workspace/install/ola_mundo/lib/ola_mundo
[2.440s] writing list of installed files to '/home/murilo_prianti/meu_workspace/build/ola_mundo/install.log'
[2.473s] Invoked command in '/home/murilo_prianti/meu_workspace/src/ola_mundo' returned '0': PYTHONPATH=/home/murilo_prianti/meu_workspace/build/ola_mundo/prefix_override:/home/murilo_prianti/meu_workspace/install/ola_mundo/lib/python3.10/site-packages:${PYTHONPATH} /usr/bin/python3 -W ignore:setup.py install is deprecated setup.py egg_info --egg-base ../../build/ola_mundo build --build-base /home/murilo_prianti/meu_workspace/build/ola_mundo/build install --record /home/murilo_prianti/meu_workspace/build/ola_mundo/install.log --single-version-externally-managed install_data
