[2.956s] Invoking command in '/home/murilo_prianti/meu_workspace/src/ola_mundo': PYTHONPATH=/home/murilo_prianti/meu_workspace/build/ola_mundo/prefix_override:/home/murilo_prianti/meu_workspace/install/ola_mundo/lib/python3.10/site-packages:${PYTHONPATH} /usr/bin/python3 -W ignore:setup.py install is deprecated setup.py egg_info --egg-base ../../build/ola_mundo build --build-base /home/murilo_prianti/meu_workspace/build/ola_mundo/build install --record /home/murilo_prianti/meu_workspace/build/ola_mundo/install.log --single-version-externally-managed install_data
[3.233s] running egg_info
[3.234s] creating ../../build/ola_mundo/ola_mundo.egg-info
[3.234s] writing ../../build/ola_mundo/ola_mundo.egg-info/PKG-INFO
[3.234s] writing dependency_links to ../../build/ola_mundo/ola_mundo.egg-info/dependency_links.txt
[3.235s] writing entry points to ../../build/ola_mundo/ola_mundo.egg-info/entry_points.txt
[3.235s] writing requirements to ../../build/ola_mundo/ola_mundo.egg-info/requires.txt
[3.235s] writing top-level names to ../../build/ola_mundo/ola_mundo.egg-info/top_level.txt
[3.235s] writing manifest file '../../build/ola_mundo/ola_mundo.egg-info/SOURCES.txt'
[3.238s] reading manifest file '../../build/ola_mundo/ola_mundo.egg-info/SOURCES.txt'
[3.239s] writing manifest file '../../build/ola_mundo/ola_mundo.egg-info/SOURCES.txt'
[3.239s] running build
[3.240s] running build_py
[3.240s] creating /home/murilo_prianti/meu_workspace/build/ola_mundo/build
[3.240s] creating /home/murilo_prianti/meu_workspace/build/ola_mundo/build/lib
[3.240s] creating /home/murilo_prianti/meu_workspace/build/ola_mundo/build/lib/ola_mundo
[3.240s] copying ola_mundo/__init__.py -> /home/murilo_prianti/meu_workspace/build/ola_mundo/build/lib/ola_mundo
[3.240s] running install
[3.241s] running install_lib
[3.242s] creating /home/murilo_prianti/meu_workspace/install/ola_mundo/lib/python3.10/site-packages/ola_mundo
[3.242s] copying /home/murilo_prianti/meu_workspace/build/ola_mundo/build/lib/ola_mundo/__init__.py -> /home/murilo_prianti/meu_workspace/install/ola_mundo/lib/python3.10/site-packages/ola_mundo
[3.243s] byte-compiling /home/murilo_prianti/meu_workspace/install/ola_mundo/lib/python3.10/site-packages/ola_mundo/__init__.py to __init__.cpython-310.pyc
[3.243s] running install_data
[3.243s] creating /home/murilo_prianti/meu_workspace/install/ola_mundo/share/ament_index
[3.243s] creating /home/murilo_prianti/meu_workspace/install/ola_mundo/share/ament_index/resource_index
[3.243s] creating /home/murilo_prianti/meu_workspace/install/ola_mundo/share/ament_index/resource_index/packages
[3.244s] copying resource/ola_mundo -> /home/murilo_prianti/meu_workspace/install/ola_mundo/share/ament_index/resource_index/packages
[3.244s] copying package.xml -> /home/murilo_prianti/meu_workspace/install/ola_mundo/share/ola_mundo
[3.244s] running install_egg_info
[3.246s] Copying ../../build/ola_mundo/ola_mundo.egg-info to /home/murilo_prianti/meu_workspace/install/ola_mundo/lib/python3.10/site-packages/ola_mundo-0.0.0-py3.10.egg-info
[3.246s] running install_scripts
[3.271s] Installing ola script to /home/murilo_prianti/meu_workspace/install/ola_mundo/lib/ola_mundo
[3.271s] writing list of installed files to '/home/murilo_prianti/meu_workspace/build/ola_mundo/install.log'
