[1.085s] Invoking command in '/home/murilo_prianti/meu_workspace/src/ponderada_semana_2': PYTHONPATH=/home/murilo_prianti/meu_workspace/build/ponderada_semana_2/prefix_override:/home/murilo_prianti/meu_workspace/install/ponderada_semana_2/lib/python3.10/site-packages:${PYTHONPATH} /usr/bin/python3 -W ignore:setup.py install is deprecated setup.py egg_info --egg-base ../../build/ponderada_semana_2 build --build-base /home/murilo_prianti/meu_workspace/build/ponderada_semana_2/build install --record /home/murilo_prianti/meu_workspace/build/ponderada_semana_2/install.log --single-version-externally-managed install_data
[1.385s] running egg_info
[1.386s] writing ../../build/ponderada_semana_2/ponderada_semana_2.egg-info/PKG-INFO
[1.391s] writing dependency_links to ../../build/ponderada_semana_2/ponderada_semana_2.egg-info/dependency_links.txt
[1.391s] writing entry points to ../../build/ponderada_semana_2/ponderada_semana_2.egg-info/entry_points.txt
[1.391s] writing requirements to ../../build/ponderada_semana_2/ponderada_semana_2.egg-info/requires.txt
[1.391s] writing top-level names to ../../build/ponderada_semana_2/ponderada_semana_2.egg-info/top_level.txt
[1.393s] reading manifest file '../../build/ponderada_semana_2/ponderada_semana_2.egg-info/SOURCES.txt'
[1.394s] writing manifest file '../../build/ponderada_semana_2/ponderada_semana_2.egg-info/SOURCES.txt'
[1.395s] running build
[1.395s] running build_py
[1.395s] creating /home/murilo_prianti/meu_workspace/build/ponderada_semana_2/build
[1.395s] creating /home/murilo_prianti/meu_workspace/build/ponderada_semana_2/build/lib
[1.395s] creating /home/murilo_prianti/meu_workspace/build/ponderada_semana_2/build/lib/ponderada_semana_2
[1.395s] copying ponderada_semana_2/ponderada_2.py -> /home/murilo_prianti/meu_workspace/build/ponderada_semana_2/build/lib/ponderada_semana_2
[1.395s] copying ponderada_semana_2/__init__.py -> /home/murilo_prianti/meu_workspace/build/ponderada_semana_2/build/lib/ponderada_semana_2
[1.395s] running install
[1.396s] running install_lib
[1.397s] creating /home/murilo_prianti/meu_workspace/install/ponderada_semana_2/lib/python3.10/site-packages/ponderada_semana_2
[1.397s] copying /home/murilo_prianti/meu_workspace/build/ponderada_semana_2/build/lib/ponderada_semana_2/ponderada_2.py -> /home/murilo_prianti/meu_workspace/install/ponderada_semana_2/lib/python3.10/site-packages/ponderada_semana_2
[1.397s] copying /home/murilo_prianti/meu_workspace/build/ponderada_semana_2/build/lib/ponderada_semana_2/__init__.py -> /home/murilo_prianti/meu_workspace/install/ponderada_semana_2/lib/python3.10/site-packages/ponderada_semana_2
[1.397s] byte-compiling /home/murilo_prianti/meu_workspace/install/ponderada_semana_2/lib/python3.10/site-packages/ponderada_semana_2/ponderada_2.py to ponderada_2.cpython-310.pyc
[1.398s] byte-compiling /home/murilo_prianti/meu_workspace/install/ponderada_semana_2/lib/python3.10/site-packages/ponderada_semana_2/__init__.py to __init__.cpython-310.pyc
[1.398s] running install_data
[1.398s] copying package.xml -> /home/murilo_prianti/meu_workspace/install/ponderada_semana_2/share/ponderada_semana_2
[1.398s] running install_egg_info
[1.401s] removing '/home/murilo_prianti/meu_workspace/install/ponderada_semana_2/lib/python3.10/site-packages/ponderada_semana_2-0.0.0-py3.10.egg-info' (and everything under it)
[1.401s] Copying ../../build/ponderada_semana_2/ponderada_semana_2.egg-info to /home/murilo_prianti/meu_workspace/install/ponderada_semana_2/lib/python3.10/site-packages/ponderada_semana_2-0.0.0-py3.10.egg-info
[1.402s] running install_scripts
[1.437s] Installing ponderada_2 script to /home/murilo_prianti/meu_workspace/install/ponderada_semana_2/lib/ponderada_semana_2
[1.437s] writing list of installed files to '/home/murilo_prianti/meu_workspace/build/ponderada_semana_2/install.log'
[1.474s] Invoked command in '/home/murilo_prianti/meu_workspace/src/ponderada_semana_2' returned '0': PYTHONPATH=/home/murilo_prianti/meu_workspace/build/ponderada_semana_2/prefix_override:/home/murilo_prianti/meu_workspace/install/ponderada_semana_2/lib/python3.10/site-packages:${PYTHONPATH} /usr/bin/python3 -W ignore:setup.py install is deprecated setup.py egg_info --egg-base ../../build/ponderada_semana_2 build --build-base /home/murilo_prianti/meu_workspace/build/ponderada_semana_2/build install --record /home/murilo_prianti/meu_workspace/build/ponderada_semana_2/install.log --single-version-externally-managed install_data
