[1.042s] Invoking command in '/home/murilo_prianti/meu_workspace/src/ponderada_semana_2': PYTHONPATH=/home/murilo_prianti/meu_workspace/build/ponderada_semana_2/prefix_override:/home/murilo_prianti/meu_workspace/install/ponderada_semana_2/lib/python3.10/site-packages:${PYTHONPATH} /usr/bin/python3 -W ignore:setup.py install is deprecated setup.py egg_info --egg-base ../../build/ponderada_semana_2 build --build-base /home/murilo_prianti/meu_workspace/build/ponderada_semana_2/build install --record /home/murilo_prianti/meu_workspace/build/ponderada_semana_2/install.log --single-version-externally-managed install_data
[1.359s] running egg_info
[1.360s] writing ../../build/ponderada_semana_2/ponderada_semana_2.egg-info/PKG-INFO
[1.365s] writing dependency_links to ../../build/ponderada_semana_2/ponderada_semana_2.egg-info/dependency_links.txt
[1.366s] writing entry points to ../../build/ponderada_semana_2/ponderada_semana_2.egg-info/entry_points.txt
[1.366s] writing requirements to ../../build/ponderada_semana_2/ponderada_semana_2.egg-info/requires.txt
[1.366s] writing top-level names to ../../build/ponderada_semana_2/ponderada_semana_2.egg-info/top_level.txt
[1.367s] reading manifest file '../../build/ponderada_semana_2/ponderada_semana_2.egg-info/SOURCES.txt'
[1.368s] writing manifest file '../../build/ponderada_semana_2/ponderada_semana_2.egg-info/SOURCES.txt'
[1.370s] running build
[1.370s] running install
[1.371s] running install_data
[1.371s] copying resource/ponderada_semana_2 -> /home/murilo_prianti/meu_workspace/install/ponderada_semana_2/share/ament_index/resource_index/packages
[1.371s] copying package.xml -> /home/murilo_prianti/meu_workspace/install/ponderada_semana_2/share/ponderada_semana_2
[1.371s] running install_egg_info
[1.374s] Copying ../../build/ponderada_semana_2/ponderada_semana_2.egg-info to /home/murilo_prianti/meu_workspace/install/ponderada_semana_2/lib/python3.10/site-packages/ponderada_semana_2-0.0.0-py3.10.egg-info
[1.375s] running install_scripts
[1.402s] Installing ponderada_2 script to /home/murilo_prianti/meu_workspace/install/ponderada_semana_2/lib/ponderada_semana_2
[1.402s] writing list of installed files to '/home/murilo_prianti/meu_workspace/build/ponderada_semana_2/install.log'
[1.525s] Invoked command in '/home/murilo_prianti/meu_workspace/src/ponderada_semana_2' returned '0': PYTHONPATH=/home/murilo_prianti/meu_workspace/build/ponderada_semana_2/prefix_override:/home/murilo_prianti/meu_workspace/install/ponderada_semana_2/lib/python3.10/site-packages:${PYTHONPATH} /usr/bin/python3 -W ignore:setup.py install is deprecated setup.py egg_info --egg-base ../../build/ponderada_semana_2 build --build-base /home/murilo_prianti/meu_workspace/build/ponderada_semana_2/build install --record /home/murilo_prianti/meu_workspace/build/ponderada_semana_2/install.log --single-version-externally-managed install_data
