[0.709s] Invoking command in '/home/murilo_prianti/meu_workspace/src/ola_mundo': PYTHONPATH=/home/murilo_prianti/meu_workspace/build/ola_mundo/prefix_override:/home/murilo_prianti/meu_workspace/install/ola_mundo/lib/python3.10/site-packages:${PYTHONPATH} /usr/bin/python3 -W ignore:setup.py install is deprecated setup.py egg_info --egg-base ../../build/ola_mundo build --build-base /home/murilo_prianti/meu_workspace/build/ola_mundo/build install --record /home/murilo_prianti/meu_workspace/build/ola_mundo/install.log --single-version-externally-managed install_data
[0.994s] running egg_info
[0.995s] writing ../../build/ola_mundo/ola_mundo.egg-info/PKG-INFO
[0.995s] writing dependency_links to ../../build/ola_mundo/ola_mundo.egg-info/dependency_links.txt
[0.995s] writing entry points to ../../build/ola_mundo/ola_mundo.egg-info/entry_points.txt
[0.996s] writing requirements to ../../build/ola_mundo/ola_mundo.egg-info/requires.txt
[0.996s] writing top-level names to ../../build/ola_mundo/ola_mundo.egg-info/top_level.txt
[0.998s] reading manifest file '../../build/ola_mundo/ola_mundo.egg-info/SOURCES.txt'
[0.999s] writing manifest file '../../build/ola_mundo/ola_mundo.egg-info/SOURCES.txt'
[0.999s] running build
[0.999s] running build_py
[0.999s] running install
[1.000s] running install_lib
[1.001s] running install_data
[1.001s] running install_egg_info
[1.003s] removing '/home/murilo_prianti/meu_workspace/install/ola_mundo/lib/python3.10/site-packages/ola_mundo-0.0.0-py3.10.egg-info' (and everything under it)
[1.003s] Copying ../../build/ola_mundo/ola_mundo.egg-info to /home/murilo_prianti/meu_workspace/install/ola_mundo/lib/python3.10/site-packages/ola_mundo-0.0.0-py3.10.egg-info
[1.004s] running install_scripts
[1.020s] Installing ola script to /home/murilo_prianti/meu_workspace/install/ola_mundo/lib/ola_mundo
[1.020s] writing list of installed files to '/home/murilo_prianti/meu_workspace/build/ola_mundo/install.log'
[1.043s] Invoked command in '/home/murilo_prianti/meu_workspace/src/ola_mundo' returned '0': PYTHONPATH=/home/murilo_prianti/meu_workspace/build/ola_mundo/prefix_override:/home/murilo_prianti/meu_workspace/install/ola_mundo/lib/python3.10/site-packages:${PYTHONPATH} /usr/bin/python3 -W ignore:setup.py install is deprecated setup.py egg_info --egg-base ../../build/ola_mundo build --build-base /home/murilo_prianti/meu_workspace/build/ola_mundo/build install --record /home/murilo_prianti/meu_workspace/build/ola_mundo/install.log --single-version-externally-managed install_data
