[0.510s] Invoking command in '/home/murilo_prianti/meu_workspace/build/turtlesim': CMAKE_PREFIX_PATH=${CMAKE_PREFIX_PATH}:/home/murilo_prianti/meu_workspace/install/ola_mundo:/opt/ros/humble /usr/bin/cmake --build /home/murilo_prianti/meu_workspace/build/turtlesim -- -j8 -l8
[0.568s] [35m[1mConsolidate compiler generated dependencies of target turtlesim__rosidl_generator_c[0m
[0.582s] [  1%] Built target turtlesim__cpp
[0.590s] [ 11%] Built target turtlesim__rosidl_generator_c
[0.603s] [35m[1mConsolidate compiler generated dependencies of target turtlesim__rosidl_typesupport_cpp[0m
[0.604s] [35m[1mConsolidate compiler generated dependencies of target turtlesim__rosidl_typesupport_introspection_cpp[0m
[0.606s] [ 11%] Built target ament_cmake_python_copy_turtlesim
[0.610s] [35m[1mConsolidate compiler generated dependencies of target turtlesim__rosidl_typesupport_fastrtps_cpp[0m
[0.631s] [35m[1mConsolidate compiler generated dependencies of target turtlesim__rosidl_typesupport_fastrtps_c[0m
[0.632s] [35m[1mConsolidate compiler generated dependencies of target turtlesim__rosidl_typesupport_c[0m
[0.641s] [35m[1mConsolidate compiler generated dependencies of target turtlesim__rosidl_typesupport_introspection_c[0m
[0.648s] [ 21%] Built target turtlesim__rosidl_typesupport_cpp
[0.657s] [ 31%] Built target turtlesim__rosidl_typesupport_introspection_cpp
[0.672s] [35m[1mConsolidate compiler generated dependencies of target turtle_teleop_key[0m
[0.677s] [ 41%] Built target turtlesim__rosidl_typesupport_fastrtps_cpp
[0.677s] [35m[1mConsolidate compiler generated dependencies of target turtlesim_node[0m
[0.681s] [ 51%] Built target turtlesim__rosidl_typesupport_fastrtps_c
[0.692s] [ 61%] Built target turtlesim__rosidl_typesupport_c
[0.700s] [ 71%] Built target turtlesim__rosidl_typesupport_introspection_c
[0.709s] [35m[1mConsolidate compiler generated dependencies of target draw_square[0m
[0.717s] [35m[1mConsolidate compiler generated dependencies of target mimic[0m
[0.726s] [ 73%] Built target turtle_teleop_key
[0.750s] [ 73%] Built target turtlesim
[0.753s] [ 75%] Built target draw_square
[0.767s] [ 77%] Built target mimic
[0.779s] [ 83%] Built target turtlesim_node
[0.780s] [ 84%] Built target turtlesim__py
[0.795s] [35m[1mConsolidate compiler generated dependencies of target turtlesim__rosidl_generator_py[0m
[0.824s] [ 93%] Built target turtlesim__rosidl_generator_py
[0.843s] [35m[1mConsolidate compiler generated dependencies of target turtlesim__rosidl_typesupport_fastrtps_c__pyext[0m
[0.843s] [35m[1mConsolidate compiler generated dependencies of target turtlesim__rosidl_typesupport_c__pyext[0m
[0.843s] [35m[1mConsolidate compiler generated dependencies of target turtlesim__rosidl_typesupport_introspection_c__pyext[0m
[0.902s] [ 95%] Built target turtlesim__rosidl_typesupport_c__pyext
[0.910s] [ 97%] Built target turtlesim__rosidl_typesupport_fastrtps_c__pyext
[0.910s] [100%] Built target turtlesim__rosidl_typesupport_introspection_c__pyext
[1.012s] running egg_info
[1.013s] writing turtlesim.egg-info/PKG-INFO
[1.013s] writing dependency_links to turtlesim.egg-info/dependency_links.txt
[1.013s] writing top-level names to turtlesim.egg-info/top_level.txt
[1.017s] reading manifest file 'turtlesim.egg-info/SOURCES.txt'
[1.018s] writing manifest file 'turtlesim.egg-info/SOURCES.txt'
[1.074s] [100%] Built target ament_cmake_python_build_turtlesim_egg
[1.088s] Invoked command in '/home/murilo_prianti/meu_workspace/build/turtlesim' returned '0': CMAKE_PREFIX_PATH=${CMAKE_PREFIX_PATH}:/home/murilo_prianti/meu_workspace/install/ola_mundo:/opt/ros/humble /usr/bin/cmake --build /home/murilo_prianti/meu_workspace/build/turtlesim -- -j8 -l8
[1.345s] Invoking command in '/home/murilo_prianti/meu_workspace/build/turtlesim': CMAKE_PREFIX_PATH=${CMAKE_PREFIX_PATH}:/home/murilo_prianti/meu_workspace/install/ola_mundo:/opt/ros/humble /usr/bin/cmake --install /home/murilo_prianti/meu_workspace/build/turtlesim
[1.354s] -- Install configuration: ""
[1.355s] -- Installing: /home/murilo_prianti/meu_workspace/install/turtlesim/share/ament_index/resource_index/rosidl_interfaces/turtlesim
[1.355s] -- Installing: /home/murilo_prianti/meu_workspace/install/turtlesim/include/turtlesim/turtlesim
[1.355s] -- Installing: /home/murilo_prianti/meu_workspace/install/turtlesim/include/turtlesim/turtlesim/action
[1.355s] -- Installing: /home/murilo_prianti/meu_workspace/install/turtlesim/include/turtlesim/turtlesim/action/detail
[1.355s] -- Installing: /home/murilo_prianti/meu_workspace/install/turtlesim/include/turtlesim/turtlesim/action/detail/rotate_absolute__struct.h
[1.355s] -- Installing: /home/murilo_prianti/meu_workspace/install/turtlesim/include/turtlesim/turtlesim/action/detail/rotate_absolute__functions.h
[1.356s] -- Installing: /home/murilo_prianti/meu_workspace/install/turtlesim/include/turtlesim/turtlesim/action/detail/rotate_absolute__functions.c
[1.356s] -- Installing: /home/murilo_prianti/meu_workspace/install/turtlesim/include/turtlesim/turtlesim/action/detail/rotate_absolute__type_support.h
[1.356s] -- Installing: /home/murilo_prianti/meu_workspace/install/turtlesim/include/turtlesim/turtlesim/action/rotate_absolute.h
[1.356s] -- Installing: /home/murilo_prianti/meu_workspace/install/turtlesim/include/turtlesim/turtlesim/msg
[1.357s] -- Installing: /home/murilo_prianti/meu_workspace/install/turtlesim/include/turtlesim/turtlesim/msg/pose.h
[1.357s] -- Installing: /home/murilo_prianti/meu_workspace/install/turtlesim/include/turtlesim/turtlesim/msg/rosidl_generator_c__visibility_control.h
[1.357s] -- Installing: /home/murilo_prianti/meu_workspace/install/turtlesim/include/turtlesim/turtlesim/msg/color.h
[1.357s] -- Installing: /home/murilo_prianti/meu_workspace/install/turtlesim/include/turtlesim/turtlesim/msg/detail
[1.357s] -- Installing: /home/murilo_prianti/meu_workspace/install/turtlesim/include/turtlesim/turtlesim/msg/detail/pose__functions.c
[1.357s] -- Installing: /home/murilo_prianti/meu_workspace/install/turtlesim/include/turtlesim/turtlesim/msg/detail/pose__struct.h
[1.358s] -- Installing: /home/murilo_prianti/meu_workspace/install/turtlesim/include/turtlesim/turtlesim/msg/detail/pose__functions.h
[1.358s] -- Installing: /home/murilo_prianti/meu_workspace/install/turtlesim/include/turtlesim/turtlesim/msg/detail/color__type_support.h
[1.358s] -- Installing: /home/murilo_prianti/meu_workspace/install/turtlesim/include/turtlesim/turtlesim/msg/detail/color__functions.h
[1.358s] -- Installing: /home/murilo_prianti/meu_workspace/install/turtlesim/include/turtlesim/turtlesim/msg/detail/color__functions.c
[1.358s] -- Installing: /home/murilo_prianti/meu_workspace/install/turtlesim/include/turtlesim/turtlesim/msg/detail/pose__type_support.h
[1.359s] -- Installing: /home/murilo_prianti/meu_workspace/install/turtlesim/include/turtlesim/turtlesim/msg/detail/color__struct.h
[1.359s] -- Installing: /home/murilo_prianti/meu_workspace/install/turtlesim/include/turtlesim/turtlesim/srv
[1.359s] -- Installing: /home/murilo_prianti/meu_workspace/install/turtlesim/include/turtlesim/turtlesim/srv/teleport_relative.h
[1.359s] -- Installing: /home/murilo_prianti/meu_workspace/install/turtlesim/include/turtlesim/turtlesim/srv/detail
[1.360s] -- Installing: /home/murilo_prianti/meu_workspace/install/turtlesim/include/turtlesim/turtlesim/srv/detail/teleport_relative__struct.h
[1.360s] -- Installing: /home/murilo_prianti/meu_workspace/install/turtlesim/include/turtlesim/turtlesim/srv/detail/teleport_relative__type_support.h
[1.360s] -- Installing: /home/murilo_prianti/meu_workspace/install/turtlesim/include/turtlesim/turtlesim/srv/detail/kill__type_support.h
[1.360s] -- Installing: /home/murilo_prianti/meu_workspace/install/turtlesim/include/turtlesim/turtlesim/srv/detail/kill__struct.h
[1.360s] -- Installing: /home/murilo_prianti/meu_workspace/install/turtlesim/include/turtlesim/turtlesim/srv/detail/spawn__functions.h
[1.360s] -- Installing: /home/murilo_prianti/meu_workspace/install/turtlesim/include/turtlesim/turtlesim/srv/detail/spawn__functions.c
[1.360s] -- Installing: /home/murilo_prianti/meu_workspace/install/turtlesim/include/turtlesim/turtlesim/srv/detail/spawn__type_support.h
[1.360s] -- Installing: /home/murilo_prianti/meu_workspace/install/turtlesim/include/turtlesim/turtlesim/srv/detail/kill__functions.h
[1.361s] -- Installing: /home/murilo_prianti/meu_workspace/install/turtlesim/include/turtlesim/turtlesim/srv/detail/teleport_absolute__type_support.h
[1.361s] -- Installing: /home/murilo_prianti/meu_workspace/install/turtlesim/include/turtlesim/turtlesim/srv/detail/teleport_absolute__functions.c
[1.361s] -- Installing: /home/murilo_prianti/meu_workspace/install/turtlesim/include/turtlesim/turtlesim/srv/detail/set_pen__type_support.h
[1.361s] -- Installing: /home/murilo_prianti/meu_workspace/install/turtlesim/include/turtlesim/turtlesim/srv/detail/teleport_relative__functions.c
[1.361s] -- Installing: /home/murilo_prianti/meu_workspace/install/turtlesim/include/turtlesim/turtlesim/srv/detail/set_pen__functions.h
[1.361s] -- Installing: /home/murilo_prianti/meu_workspace/install/turtlesim/include/turtlesim/turtlesim/srv/detail/set_pen__functions.c
[1.362s] -- Installing: /home/murilo_prianti/meu_workspace/install/turtlesim/include/turtlesim/turtlesim/srv/detail/teleport_relative__functions.h
[1.362s] -- Installing: /home/murilo_prianti/meu_workspace/install/turtlesim/include/turtlesim/turtlesim/srv/detail/kill__functions.c
[1.362s] -- Installing: /home/murilo_prianti/meu_workspace/install/turtlesim/include/turtlesim/turtlesim/srv/detail/set_pen__struct.h
[1.362s] -- Installing: /home/murilo_prianti/meu_workspace/install/turtlesim/include/turtlesim/turtlesim/srv/detail/spawn__struct.h
[1.362s] -- Installing: /home/murilo_prianti/meu_workspace/install/turtlesim/include/turtlesim/turtlesim/srv/detail/teleport_absolute__struct.h
[1.362s] -- Installing: /home/murilo_prianti/meu_workspace/install/turtlesim/include/turtlesim/turtlesim/srv/detail/teleport_absolute__functions.h
[1.363s] -- Installing: /home/murilo_prianti/meu_workspace/install/turtlesim/include/turtlesim/turtlesim/srv/kill.h
[1.363s] -- Installing: /home/murilo_prianti/meu_workspace/install/turtlesim/include/turtlesim/turtlesim/srv/teleport_absolute.h
[1.363s] -- Installing: /home/murilo_prianti/meu_workspace/install/turtlesim/include/turtlesim/turtlesim/srv/set_pen.h
[1.363s] -- Installing: /home/murilo_prianti/meu_workspace/install/turtlesim/include/turtlesim/turtlesim/srv/spawn.h
[1.363s] -- Installing: /home/murilo_prianti/meu_workspace/install/turtlesim/share/turtlesim/environment/library_path.sh
[1.364s] -- Installing: /home/murilo_prianti/meu_workspace/install/turtlesim/share/turtlesim/environment/library_path.dsv
[1.364s] -- Installing: /home/murilo_prianti/meu_workspace/install/turtlesim/lib/libturtlesim__rosidl_generator_c.so
[1.364s] -- Set runtime path of "/home/murilo_prianti/meu_workspace/install/turtlesim/lib/libturtlesim__rosidl_generator_c.so" to ""
[1.364s] -- Up-to-date: /home/murilo_prianti/meu_workspace/install/turtlesim/include/turtlesim/turtlesim
[1.365s] -- Up-to-date: /home/murilo_prianti/meu_workspace/install/turtlesim/include/turtlesim/turtlesim/action
[1.365s] -- Up-to-date: /home/murilo_prianti/meu_workspace/install/turtlesim/include/turtlesim/turtlesim/action/detail
[1.365s] -- Installing: /home/murilo_prianti/meu_workspace/install/turtlesim/include/turtlesim/turtlesim/action/detail/rotate_absolute__rosidl_typesupport_fastrtps_c.h
[1.365s] -- Up-to-date: /home/murilo_prianti/meu_workspace/install/turtlesim/include/turtlesim/turtlesim/msg
[1.366s] -- Installing: /home/murilo_prianti/meu_workspace/install/turtlesim/include/turtlesim/turtlesim/msg/rosidl_typesupport_fastrtps_c__visibility_control.h
[1.366s] -- Up-to-date: /home/murilo_prianti/meu_workspace/install/turtlesim/include/turtlesim/turtlesim/msg/detail
[1.366s] -- Installing: /home/murilo_prianti/meu_workspace/install/turtlesim/include/turtlesim/turtlesim/msg/detail/color__rosidl_typesupport_fastrtps_c.h
[1.366s] -- Installing: /home/murilo_prianti/meu_workspace/install/turtlesim/include/turtlesim/turtlesim/msg/detail/pose__rosidl_typesupport_fastrtps_c.h
[1.366s] -- Up-to-date: /home/murilo_prianti/meu_workspace/install/turtlesim/include/turtlesim/turtlesim/srv
[1.366s] -- Up-to-date: /home/murilo_prianti/meu_workspace/install/turtlesim/include/turtlesim/turtlesim/srv/detail
[1.367s] -- Installing: /home/murilo_prianti/meu_workspace/install/turtlesim/include/turtlesim/turtlesim/srv/detail/teleport_relative__rosidl_typesupport_fastrtps_c.h
[1.367s] -- Installing: /home/murilo_prianti/meu_workspace/install/turtlesim/include/turtlesim/turtlesim/srv/detail/set_pen__rosidl_typesupport_fastrtps_c.h
[1.367s] -- Installing: /home/murilo_prianti/meu_workspace/install/turtlesim/include/turtlesim/turtlesim/srv/detail/teleport_absolute__rosidl_typesupport_fastrtps_c.h
[1.367s] -- Installing: /home/murilo_prianti/meu_workspace/install/turtlesim/include/turtlesim/turtlesim/srv/detail/kill__rosidl_typesupport_fastrtps_c.h
[1.367s] -- Installing: /home/murilo_prianti/meu_workspace/install/turtlesim/include/turtlesim/turtlesim/srv/detail/spawn__rosidl_typesupport_fastrtps_c.h
[1.368s] -- Installing: /home/murilo_prianti/meu_workspace/install/turtlesim/lib/libturtlesim__rosidl_typesupport_fastrtps_c.so
[1.368s] -- Set runtime path of "/home/murilo_prianti/meu_workspace/install/turtlesim/lib/libturtlesim__rosidl_typesupport_fastrtps_c.so" to ""
[1.368s] -- Up-to-date: /home/murilo_prianti/meu_workspace/install/turtlesim/include/turtlesim/turtlesim
[1.368s] -- Up-to-date: /home/murilo_prianti/meu_workspace/install/turtlesim/include/turtlesim/turtlesim/action
[1.368s] -- Installing: /home/murilo_prianti/meu_workspace/install/turtlesim/include/turtlesim/turtlesim/action/rotate_absolute.hpp
[1.369s] -- Up-to-date: /home/murilo_prianti/meu_workspace/install/turtlesim/include/turtlesim/turtlesim/action/detail
[1.369s] -- Installing: /home/murilo_prianti/meu_workspace/install/turtlesim/include/turtlesim/turtlesim/action/detail/rotate_absolute__builder.hpp
[1.369s] -- Installing: /home/murilo_prianti/meu_workspace/install/turtlesim/include/turtlesim/turtlesim/action/detail/rotate_absolute__traits.hpp
[1.369s] -- Installing: /home/murilo_prianti/meu_workspace/install/turtlesim/include/turtlesim/turtlesim/action/detail/rotate_absolute__struct.hpp
[1.369s] -- Up-to-date: /home/murilo_prianti/meu_workspace/install/turtlesim/include/turtlesim/turtlesim/msg
[1.370s] -- Up-to-date: /home/murilo_prianti/meu_workspace/install/turtlesim/include/turtlesim/turtlesim/msg/detail
[1.370s] -- Installing: /home/murilo_prianti/meu_workspace/install/turtlesim/include/turtlesim/turtlesim/msg/detail/color__builder.hpp
[1.370s] -- Installing: /home/murilo_prianti/meu_workspace/install/turtlesim/include/turtlesim/turtlesim/msg/detail/color__traits.hpp
[1.370s] -- Installing: /home/murilo_prianti/meu_workspace/install/turtlesim/include/turtlesim/turtlesim/msg/detail/pose__struct.hpp
[1.371s] -- Installing: /home/murilo_prianti/meu_workspace/install/turtlesim/include/turtlesim/turtlesim/msg/detail/pose__traits.hpp
[1.371s] -- Installing: /home/murilo_prianti/meu_workspace/install/turtlesim/include/turtlesim/turtlesim/msg/detail/pose__builder.hpp
[1.371s] -- Installing: /home/murilo_prianti/meu_workspace/install/turtlesim/include/turtlesim/turtlesim/msg/detail/color__struct.hpp
[1.371s] -- Installing: /home/murilo_prianti/meu_workspace/install/turtlesim/include/turtlesim/turtlesim/msg/pose.hpp
[1.371s] -- Installing: /home/murilo_prianti/meu_workspace/install/turtlesim/include/turtlesim/turtlesim/msg/color.hpp
[1.371s] -- Up-to-date: /home/murilo_prianti/meu_workspace/install/turtlesim/include/turtlesim/turtlesim/srv
[1.371s] -- Up-to-date: /home/murilo_prianti/meu_workspace/install/turtlesim/include/turtlesim/turtlesim/srv/detail
[1.372s] -- Installing: /home/murilo_prianti/meu_workspace/install/turtlesim/include/turtlesim/turtlesim/srv/detail/spawn__traits.hpp
[1.372s] -- Installing: /home/murilo_prianti/meu_workspace/install/turtlesim/include/turtlesim/turtlesim/srv/detail/set_pen__struct.hpp
[1.372s] -- Installing: /home/murilo_prianti/meu_workspace/install/turtlesim/include/turtlesim/turtlesim/srv/detail/teleport_relative__traits.hpp
[1.372s] -- Installing: /home/murilo_prianti/meu_workspace/install/turtlesim/include/turtlesim/turtlesim/srv/detail/set_pen__traits.hpp
[1.372s] -- Installing: /home/murilo_prianti/meu_workspace/install/turtlesim/include/turtlesim/turtlesim/srv/detail/kill__builder.hpp
[1.372s] -- Installing: /home/murilo_prianti/meu_workspace/install/turtlesim/include/turtlesim/turtlesim/srv/detail/teleport_relative__builder.hpp
[1.372s] -- Installing: /home/murilo_prianti/meu_workspace/install/turtlesim/include/turtlesim/turtlesim/srv/detail/spawn__struct.hpp
[1.372s] -- Installing: /home/murilo_prianti/meu_workspace/install/turtlesim/include/turtlesim/turtlesim/srv/detail/spawn__builder.hpp
[1.373s] -- Installing: /home/murilo_prianti/meu_workspace/install/turtlesim/include/turtlesim/turtlesim/srv/detail/teleport_absolute__builder.hpp
[1.373s] -- Installing: /home/murilo_prianti/meu_workspace/install/turtlesim/include/turtlesim/turtlesim/srv/detail/teleport_absolute__traits.hpp
[1.373s] -- Installing: /home/murilo_prianti/meu_workspace/install/turtlesim/include/turtlesim/turtlesim/srv/detail/set_pen__builder.hpp
[1.373s] -- Installing: /home/murilo_prianti/meu_workspace/install/turtlesim/include/turtlesim/turtlesim/srv/detail/teleport_relative__struct.hpp
[1.373s] -- Installing: /home/murilo_prianti/meu_workspace/install/turtlesim/include/turtlesim/turtlesim/srv/detail/kill__traits.hpp
[1.373s] -- Installing: /home/murilo_prianti/meu_workspace/install/turtlesim/include/turtlesim/turtlesim/srv/detail/teleport_absolute__struct.hpp
[1.374s] -- Installing: /home/murilo_prianti/meu_workspace/install/turtlesim/include/turtlesim/turtlesim/srv/detail/kill__struct.hpp
[1.374s] -- Installing: /home/murilo_prianti/meu_workspace/install/turtlesim/include/turtlesim/turtlesim/srv/teleport_relative.hpp
[1.374s] -- Installing: /home/murilo_prianti/meu_workspace/install/turtlesim/include/turtlesim/turtlesim/srv/kill.hpp
[1.374s] -- Installing: /home/murilo_prianti/meu_workspace/install/turtlesim/include/turtlesim/turtlesim/srv/teleport_absolute.hpp
[1.374s] -- Installing: /home/murilo_prianti/meu_workspace/install/turtlesim/include/turtlesim/turtlesim/srv/set_pen.hpp
[1.374s] -- Installing: /home/murilo_prianti/meu_workspace/install/turtlesim/include/turtlesim/turtlesim/srv/spawn.hpp
[1.375s] -- Up-to-date: /home/murilo_prianti/meu_workspace/install/turtlesim/include/turtlesim/turtlesim
[1.375s] -- Up-to-date: /home/murilo_prianti/meu_workspace/install/turtlesim/include/turtlesim/turtlesim/action
[1.375s] -- Up-to-date: /home/murilo_prianti/meu_workspace/install/turtlesim/include/turtlesim/turtlesim/action/detail
[1.375s] -- Installing: /home/murilo_prianti/meu_workspace/install/turtlesim/include/turtlesim/turtlesim/action/detail/dds_fastrtps
[1.375s] -- Installing: /home/murilo_prianti/meu_workspace/install/turtlesim/include/turtlesim/turtlesim/action/detail/rotate_absolute__rosidl_typesupport_fastrtps_cpp.hpp
[1.375s] -- Up-to-date: /home/murilo_prianti/meu_workspace/install/turtlesim/include/turtlesim/turtlesim/msg
[1.375s] -- Installing: /home/murilo_prianti/meu_workspace/install/turtlesim/include/turtlesim/turtlesim/msg/rosidl_typesupport_fastrtps_cpp__visibility_control.h
[1.375s] -- Up-to-date: /home/murilo_prianti/meu_workspace/install/turtlesim/include/turtlesim/turtlesim/msg/detail
[1.376s] -- Installing: /home/murilo_prianti/meu_workspace/install/turtlesim/include/turtlesim/turtlesim/msg/detail/dds_fastrtps
[1.376s] -- Installing: /home/murilo_prianti/meu_workspace/install/turtlesim/include/turtlesim/turtlesim/msg/detail/pose__rosidl_typesupport_fastrtps_cpp.hpp
[1.376s] -- Installing: /home/murilo_prianti/meu_workspace/install/turtlesim/include/turtlesim/turtlesim/msg/detail/color__rosidl_typesupport_fastrtps_cpp.hpp
[1.376s] -- Up-to-date: /home/murilo_prianti/meu_workspace/install/turtlesim/include/turtlesim/turtlesim/srv
[1.376s] -- Up-to-date: /home/murilo_prianti/meu_workspace/install/turtlesim/include/turtlesim/turtlesim/srv/detail
[1.376s] -- Installing: /home/murilo_prianti/meu_workspace/install/turtlesim/include/turtlesim/turtlesim/srv/detail/dds_fastrtps
[1.376s] -- Installing: /home/murilo_prianti/meu_workspace/install/turtlesim/include/turtlesim/turtlesim/srv/detail/teleport_absolute__rosidl_typesupport_fastrtps_cpp.hpp
[1.377s] -- Installing: /home/murilo_prianti/meu_workspace/install/turtlesim/include/turtlesim/turtlesim/srv/detail/spawn__rosidl_typesupport_fastrtps_cpp.hpp
[1.377s] -- Installing: /home/murilo_prianti/meu_workspace/install/turtlesim/include/turtlesim/turtlesim/srv/detail/set_pen__rosidl_typesupport_fastrtps_cpp.hpp
[1.377s] -- Installing: /home/murilo_prianti/meu_workspace/install/turtlesim/include/turtlesim/turtlesim/srv/detail/teleport_relative__rosidl_typesupport_fastrtps_cpp.hpp
[1.377s] -- Installing: /home/murilo_prianti/meu_workspace/install/turtlesim/include/turtlesim/turtlesim/srv/detail/kill__rosidl_typesupport_fastrtps_cpp.hpp
[1.377s] -- Installing: /home/murilo_prianti/meu_workspace/install/turtlesim/lib/libturtlesim__rosidl_typesupport_fastrtps_cpp.so
[1.377s] -- Set runtime path of "/home/murilo_prianti/meu_workspace/install/turtlesim/lib/libturtlesim__rosidl_typesupport_fastrtps_cpp.so" to ""
[1.378s] -- Up-to-date: /home/murilo_prianti/meu_workspace/install/turtlesim/include/turtlesim/turtlesim
[1.378s] -- Up-to-date: /home/murilo_prianti/meu_workspace/install/turtlesim/include/turtlesim/turtlesim/action
[1.378s] -- Up-to-date: /home/murilo_prianti/meu_workspace/install/turtlesim/include/turtlesim/turtlesim/action/detail
[1.378s] -- Installing: /home/murilo_prianti/meu_workspace/install/turtlesim/include/turtlesim/turtlesim/action/detail/rotate_absolute__rosidl_typesupport_introspection_c.h
[1.378s] -- Installing: /home/murilo_prianti/meu_workspace/install/turtlesim/include/turtlesim/turtlesim/action/detail/rotate_absolute__type_support.c
[1.378s] -- Up-to-date: /home/murilo_prianti/meu_workspace/install/turtlesim/include/turtlesim/turtlesim/msg
[1.378s] -- Up-to-date: /home/murilo_prianti/meu_workspace/install/turtlesim/include/turtlesim/turtlesim/msg/detail
[1.379s] -- Installing: /home/murilo_prianti/meu_workspace/install/turtlesim/include/turtlesim/turtlesim/msg/detail/pose__rosidl_typesupport_introspection_c.h
[1.379s] -- Installing: /home/murilo_prianti/meu_workspace/install/turtlesim/include/turtlesim/turtlesim/msg/detail/pose__type_support.c
[1.379s] -- Installing: /home/murilo_prianti/meu_workspace/install/turtlesim/include/turtlesim/turtlesim/msg/detail/color__type_support.c
[1.379s] -- Installing: /home/murilo_prianti/meu_workspace/install/turtlesim/include/turtlesim/turtlesim/msg/detail/color__rosidl_typesupport_introspection_c.h
[1.379s] -- Installing: /home/murilo_prianti/meu_workspace/install/turtlesim/include/turtlesim/turtlesim/msg/rosidl_typesupport_introspection_c__visibility_control.h
[1.379s] -- Up-to-date: /home/murilo_prianti/meu_workspace/install/turtlesim/include/turtlesim/turtlesim/srv
[1.380s] -- Up-to-date: /home/murilo_prianti/meu_workspace/install/turtlesim/include/turtlesim/turtlesim/srv/detail
[1.380s] -- Installing: /home/murilo_prianti/meu_workspace/install/turtlesim/include/turtlesim/turtlesim/srv/detail/teleport_relative__rosidl_typesupport_introspection_c.h
[1.380s] -- Installing: /home/murilo_prianti/meu_workspace/install/turtlesim/include/turtlesim/turtlesim/srv/detail/teleport_relative__type_support.c
[1.380s] -- Installing: /home/murilo_prianti/meu_workspace/install/turtlesim/include/turtlesim/turtlesim/srv/detail/teleport_absolute__rosidl_typesupport_introspection_c.h
[1.380s] -- Installing: /home/murilo_prianti/meu_workspace/install/turtlesim/include/turtlesim/turtlesim/srv/detail/set_pen__rosidl_typesupport_introspection_c.h
[1.380s] -- Installing: /home/murilo_prianti/meu_workspace/install/turtlesim/include/turtlesim/turtlesim/srv/detail/spawn__type_support.c
[1.380s] -- Installing: /home/murilo_prianti/meu_workspace/install/turtlesim/include/turtlesim/turtlesim/srv/detail/kill__rosidl_typesupport_introspection_c.h
[1.380s] -- Installing: /home/murilo_prianti/meu_workspace/install/turtlesim/include/turtlesim/turtlesim/srv/detail/kill__type_support.c
[1.381s] -- Installing: /home/murilo_prianti/meu_workspace/install/turtlesim/include/turtlesim/turtlesim/srv/detail/spawn__rosidl_typesupport_introspection_c.h
[1.381s] -- Installing: /home/murilo_prianti/meu_workspace/install/turtlesim/include/turtlesim/turtlesim/srv/detail/teleport_absolute__type_support.c
[1.381s] -- Installing: /home/murilo_prianti/meu_workspace/install/turtlesim/include/turtlesim/turtlesim/srv/detail/set_pen__type_support.c
[1.381s] -- Installing: /home/murilo_prianti/meu_workspace/install/turtlesim/lib/libturtlesim__rosidl_typesupport_introspection_c.so
[1.381s] -- Set runtime path of "/home/murilo_prianti/meu_workspace/install/turtlesim/lib/libturtlesim__rosidl_typesupport_introspection_c.so" to ""
[1.381s] -- Installing: /home/murilo_prianti/meu_workspace/install/turtlesim/lib/libturtlesim__rosidl_typesupport_c.so
[1.381s] -- Set runtime path of "/home/murilo_prianti/meu_workspace/install/turtlesim/lib/libturtlesim__rosidl_typesupport_c.so" to ""
[1.382s] -- Up-to-date: /home/murilo_prianti/meu_workspace/install/turtlesim/include/turtlesim/turtlesim
[1.382s] -- Up-to-date: /home/murilo_prianti/meu_workspace/install/turtlesim/include/turtlesim/turtlesim/action
[1.382s] -- Up-to-date: /home/murilo_prianti/meu_workspace/install/turtlesim/include/turtlesim/turtlesim/action/detail
[1.382s] -- Installing: /home/murilo_prianti/meu_workspace/install/turtlesim/include/turtlesim/turtlesim/action/detail/rotate_absolute__rosidl_typesupport_introspection_cpp.hpp
[1.382s] -- Installing: /home/murilo_prianti/meu_workspace/install/turtlesim/include/turtlesim/turtlesim/action/detail/rotate_absolute__type_support.cpp
[1.382s] -- Up-to-date: /home/murilo_prianti/meu_workspace/install/turtlesim/include/turtlesim/turtlesim/msg
[1.382s] -- Up-to-date: /home/murilo_prianti/meu_workspace/install/turtlesim/include/turtlesim/turtlesim/msg/detail
[1.383s] -- Installing: /home/murilo_prianti/meu_workspace/install/turtlesim/include/turtlesim/turtlesim/msg/detail/color__type_support.cpp
[1.383s] -- Installing: /home/murilo_prianti/meu_workspace/install/turtlesim/include/turtlesim/turtlesim/msg/detail/pose__type_support.cpp
[1.383s] -- Installing: /home/murilo_prianti/meu_workspace/install/turtlesim/include/turtlesim/turtlesim/msg/detail/pose__rosidl_typesupport_introspection_cpp.hpp
[1.383s] -- Installing: /home/murilo_prianti/meu_workspace/install/turtlesim/include/turtlesim/turtlesim/msg/detail/color__rosidl_typesupport_introspection_cpp.hpp
[1.383s] -- Up-to-date: /home/murilo_prianti/meu_workspace/install/turtlesim/include/turtlesim/turtlesim/srv
[1.384s] -- Up-to-date: /home/murilo_prianti/meu_workspace/install/turtlesim/include/turtlesim/turtlesim/srv/detail
[1.384s] -- Installing: /home/murilo_prianti/meu_workspace/install/turtlesim/include/turtlesim/turtlesim/srv/detail/kill__rosidl_typesupport_introspection_cpp.hpp
[1.384s] -- Installing: /home/murilo_prianti/meu_workspace/install/turtlesim/include/turtlesim/turtlesim/srv/detail/teleport_relative__rosidl_typesupport_introspection_cpp.hpp
[1.384s] -- Installing: /home/murilo_prianti/meu_workspace/install/turtlesim/include/turtlesim/turtlesim/srv/detail/spawn__type_support.cpp
[1.384s] -- Installing: /home/murilo_prianti/meu_workspace/install/turtlesim/include/turtlesim/turtlesim/srv/detail/teleport_absolute__rosidl_typesupport_introspection_cpp.hpp
[1.384s] -- Installing: /home/murilo_prianti/meu_workspace/install/turtlesim/include/turtlesim/turtlesim/srv/detail/kill__type_support.cpp
[1.385s] -- Installing: /home/murilo_prianti/meu_workspace/install/turtlesim/include/turtlesim/turtlesim/srv/detail/set_pen__type_support.cpp
[1.385s] -- Installing: /home/murilo_prianti/meu_workspace/install/turtlesim/include/turtlesim/turtlesim/srv/detail/spawn__rosidl_typesupport_introspection_cpp.hpp
[1.385s] -- Installing: /home/murilo_prianti/meu_workspace/install/turtlesim/include/turtlesim/turtlesim/srv/detail/teleport_relative__type_support.cpp
[1.385s] -- Installing: /home/murilo_prianti/meu_workspace/install/turtlesim/include/turtlesim/turtlesim/srv/detail/teleport_absolute__type_support.cpp
[1.385s] -- Installing: /home/murilo_prianti/meu_workspace/install/turtlesim/include/turtlesim/turtlesim/srv/detail/set_pen__rosidl_typesupport_introspection_cpp.hpp
[1.385s] -- Installing: /home/murilo_prianti/meu_workspace/install/turtlesim/lib/libturtlesim__rosidl_typesupport_introspection_cpp.so
[1.385s] -- Set runtime path of "/home/murilo_prianti/meu_workspace/install/turtlesim/lib/libturtlesim__rosidl_typesupport_introspection_cpp.so" to ""
[1.385s] -- Installing: /home/murilo_prianti/meu_workspace/install/turtlesim/lib/libturtlesim__rosidl_typesupport_cpp.so
[1.386s] -- Set runtime path of "/home/murilo_prianti/meu_workspace/install/turtlesim/lib/libturtlesim__rosidl_typesupport_cpp.so" to ""
[1.386s] -- Installing: /home/murilo_prianti/meu_workspace/install/turtlesim/share/turtlesim/environment/pythonpath.sh
[1.386s] -- Installing: /home/murilo_prianti/meu_workspace/install/turtlesim/share/turtlesim/environment/pythonpath.dsv
[1.386s] -- Installing: /home/murilo_prianti/meu_workspace/install/turtlesim/local/lib/python3.10/dist-packages/turtlesim-1.4.2-py3.10.egg-info
[1.386s] -- Installing: /home/murilo_prianti/meu_workspace/install/turtlesim/local/lib/python3.10/dist-packages/turtlesim-1.4.2-py3.10.egg-info/top_level.txt
[1.386s] -- Installing: /home/murilo_prianti/meu_workspace/install/turtlesim/local/lib/python3.10/dist-packages/turtlesim-1.4.2-py3.10.egg-info/PKG-INFO
[1.387s] -- Installing: /home/murilo_prianti/meu_workspace/install/turtlesim/local/lib/python3.10/dist-packages/turtlesim-1.4.2-py3.10.egg-info/SOURCES.txt
[1.387s] -- Installing: /home/murilo_prianti/meu_workspace/install/turtlesim/local/lib/python3.10/dist-packages/turtlesim-1.4.2-py3.10.egg-info/dependency_links.txt
[1.387s] -- Installing: /home/murilo_prianti/meu_workspace/install/turtlesim/local/lib/python3.10/dist-packages/turtlesim
[1.387s] -- Installing: /home/murilo_prianti/meu_workspace/install/turtlesim/local/lib/python3.10/dist-packages/turtlesim/turtlesim_s__rosidl_typesupport_introspection_c.cpython-310-x86_64-linux-gnu.so
[1.387s] -- Installing: /home/murilo_prianti/meu_workspace/install/turtlesim/local/lib/python3.10/dist-packages/turtlesim/turtlesim_s__rosidl_typesupport_fastrtps_c.cpython-310-x86_64-linux-gnu.so
[1.388s] -- Installing: /home/murilo_prianti/meu_workspace/install/turtlesim/local/lib/python3.10/dist-packages/turtlesim/turtlesim_s__rosidl_typesupport_c.cpython-310-x86_64-linux-gnu.so
[1.388s] -- Installing: /home/murilo_prianti/meu_workspace/install/turtlesim/local/lib/python3.10/dist-packages/turtlesim/action
[1.388s] -- Installing: /home/murilo_prianti/meu_workspace/install/turtlesim/local/lib/python3.10/dist-packages/turtlesim/action/_rotate_absolute.py
[1.389s] -- Installing: /home/murilo_prianti/meu_workspace/install/turtlesim/local/lib/python3.10/dist-packages/turtlesim/action/__init__.py
[1.389s] -- Installing: /home/murilo_prianti/meu_workspace/install/turtlesim/local/lib/python3.10/dist-packages/turtlesim/action/_rotate_absolute_s.c
[1.390s] -- Installing: /home/murilo_prianti/meu_workspace/install/turtlesim/local/lib/python3.10/dist-packages/turtlesim/_turtlesim_s.ep.rosidl_typesupport_fastrtps_c.c
[1.391s] -- Installing: /home/murilo_prianti/meu_workspace/install/turtlesim/local/lib/python3.10/dist-packages/turtlesim/__init__.py
[1.391s] -- Installing: /home/murilo_prianti/meu_workspace/install/turtlesim/local/lib/python3.10/dist-packages/turtlesim/_turtlesim_s.ep.rosidl_typesupport_introspection_c.c
[1.391s] -- Installing: /home/murilo_prianti/meu_workspace/install/turtlesim/local/lib/python3.10/dist-packages/turtlesim/_turtlesim_s.ep.rosidl_typesupport_c.c
[1.391s] -- Installing: /home/murilo_prianti/meu_workspace/install/turtlesim/local/lib/python3.10/dist-packages/turtlesim/msg
[1.391s] -- Installing: /home/murilo_prianti/meu_workspace/install/turtlesim/local/lib/python3.10/dist-packages/turtlesim/msg/_pose.py
[1.391s] -- Installing: /home/murilo_prianti/meu_workspace/install/turtlesim/local/lib/python3.10/dist-packages/turtlesim/msg/_pose_s.c
[1.391s] -- Installing: /home/murilo_prianti/meu_workspace/install/turtlesim/local/lib/python3.10/dist-packages/turtlesim/msg/_color.py
[1.392s] -- Installing: /home/murilo_prianti/meu_workspace/install/turtlesim/local/lib/python3.10/dist-packages/turtlesim/msg/__init__.py
[1.392s] -- Installing: /home/murilo_prianti/meu_workspace/install/turtlesim/local/lib/python3.10/dist-packages/turtlesim/msg/_color_s.c
[1.392s] -- Installing: /home/murilo_prianti/meu_workspace/install/turtlesim/local/lib/python3.10/dist-packages/turtlesim/srv
[1.392s] -- Installing: /home/murilo_prianti/meu_workspace/install/turtlesim/local/lib/python3.10/dist-packages/turtlesim/srv/_teleport_relative_s.c
[1.392s] -- Installing: /home/murilo_prianti/meu_workspace/install/turtlesim/local/lib/python3.10/dist-packages/turtlesim/srv/_teleport_absolute.py
[1.392s] -- Installing: /home/murilo_prianti/meu_workspace/install/turtlesim/local/lib/python3.10/dist-packages/turtlesim/srv/_teleport_relative.py
[1.392s] -- Installing: /home/murilo_prianti/meu_workspace/install/turtlesim/local/lib/python3.10/dist-packages/turtlesim/srv/_spawn_s.c
[1.392s] -- Installing: /home/murilo_prianti/meu_workspace/install/turtlesim/local/lib/python3.10/dist-packages/turtlesim/srv/_teleport_absolute_s.c
[1.393s] -- Installing: /home/murilo_prianti/meu_workspace/install/turtlesim/local/lib/python3.10/dist-packages/turtlesim/srv/__init__.py
[1.393s] -- Installing: /home/murilo_prianti/meu_workspace/install/turtlesim/local/lib/python3.10/dist-packages/turtlesim/srv/_kill_s.c
[1.393s] -- Installing: /home/murilo_prianti/meu_workspace/install/turtlesim/local/lib/python3.10/dist-packages/turtlesim/srv/_kill.py
[1.393s] -- Installing: /home/murilo_prianti/meu_workspace/install/turtlesim/local/lib/python3.10/dist-packages/turtlesim/srv/_set_pen_s.c
[1.393s] -- Installing: /home/murilo_prianti/meu_workspace/install/turtlesim/local/lib/python3.10/dist-packages/turtlesim/srv/_set_pen.py
[1.393s] -- Installing: /home/murilo_prianti/meu_workspace/install/turtlesim/local/lib/python3.10/dist-packages/turtlesim/srv/_spawn.py
[1.393s] -- Installing: /home/murilo_prianti/meu_workspace/install/turtlesim/local/lib/python3.10/dist-packages/turtlesim/libturtlesim__rosidl_generator_py.so
[1.480s] Listing '/home/murilo_prianti/meu_workspace/install/turtlesim/local/lib/python3.10/dist-packages/turtlesim'...
[1.481s] Compiling '/home/murilo_prianti/meu_workspace/install/turtlesim/local/lib/python3.10/dist-packages/turtlesim/__init__.py'...
[1.481s] Listing '/home/murilo_prianti/meu_workspace/install/turtlesim/local/lib/python3.10/dist-packages/turtlesim/action'...
[1.481s] Compiling '/home/murilo_prianti/meu_workspace/install/turtlesim/local/lib/python3.10/dist-packages/turtlesim/action/__init__.py'...
[1.481s] Compiling '/home/murilo_prianti/meu_workspace/install/turtlesim/local/lib/python3.10/dist-packages/turtlesim/action/_rotate_absolute.py'...
[1.481s] Listing '/home/murilo_prianti/meu_workspace/install/turtlesim/local/lib/python3.10/dist-packages/turtlesim/msg'...
[1.481s] Compiling '/home/murilo_prianti/meu_workspace/install/turtlesim/local/lib/python3.10/dist-packages/turtlesim/msg/__init__.py'...
[1.481s] Compiling '/home/murilo_prianti/meu_workspace/install/turtlesim/local/lib/python3.10/dist-packages/turtlesim/msg/_color.py'...
[1.481s] Compiling '/home/murilo_prianti/meu_workspace/install/turtlesim/local/lib/python3.10/dist-packages/turtlesim/msg/_pose.py'...
[1.481s] Listing '/home/murilo_prianti/meu_workspace/install/turtlesim/local/lib/python3.10/dist-packages/turtlesim/srv'...
[1.482s] Compiling '/home/murilo_prianti/meu_workspace/install/turtlesim/local/lib/python3.10/dist-packages/turtlesim/srv/__init__.py'...
[1.482s] Compiling '/home/murilo_prianti/meu_workspace/install/turtlesim/local/lib/python3.10/dist-packages/turtlesim/srv/_kill.py'...
[1.482s] Compiling '/home/murilo_prianti/meu_workspace/install/turtlesim/local/lib/python3.10/dist-packages/turtlesim/srv/_set_pen.py'...
[1.482s] Compiling '/home/murilo_prianti/meu_workspace/install/turtlesim/local/lib/python3.10/dist-packages/turtlesim/srv/_spawn.py'...
[1.482s] Compiling '/home/murilo_prianti/meu_workspace/install/turtlesim/local/lib/python3.10/dist-packages/turtlesim/srv/_teleport_absolute.py'...
[1.482s] Compiling '/home/murilo_prianti/meu_workspace/install/turtlesim/local/lib/python3.10/dist-packages/turtlesim/srv/_teleport_relative.py'...
[1.486s] -- Installing: /home/murilo_prianti/meu_workspace/install/turtlesim/local/lib/python3.10/dist-packages/turtlesim/turtlesim_s__rosidl_typesupport_fastrtps_c.cpython-310-x86_64-linux-gnu.so
[1.487s] -- Set runtime path of "/home/murilo_prianti/meu_workspace/install/turtlesim/local/lib/python3.10/dist-packages/turtlesim/turtlesim_s__rosidl_typesupport_fastrtps_c.cpython-310-x86_64-linux-gnu.so" to ""
[1.487s] -- Installing: /home/murilo_prianti/meu_workspace/install/turtlesim/local/lib/python3.10/dist-packages/turtlesim/turtlesim_s__rosidl_typesupport_introspection_c.cpython-310-x86_64-linux-gnu.so
[1.487s] -- Set runtime path of "/home/murilo_prianti/meu_workspace/install/turtlesim/local/lib/python3.10/dist-packages/turtlesim/turtlesim_s__rosidl_typesupport_introspection_c.cpython-310-x86_64-linux-gnu.so" to ""
[1.488s] -- Installing: /home/murilo_prianti/meu_workspace/install/turtlesim/local/lib/python3.10/dist-packages/turtlesim/turtlesim_s__rosidl_typesupport_c.cpython-310-x86_64-linux-gnu.so
[1.488s] -- Set runtime path of "/home/murilo_prianti/meu_workspace/install/turtlesim/local/lib/python3.10/dist-packages/turtlesim/turtlesim_s__rosidl_typesupport_c.cpython-310-x86_64-linux-gnu.so" to ""
[1.488s] -- Installing: /home/murilo_prianti/meu_workspace/install/turtlesim/lib/libturtlesim__rosidl_generator_py.so
[1.489s] -- Set runtime path of "/home/murilo_prianti/meu_workspace/install/turtlesim/lib/libturtlesim__rosidl_generator_py.so" to ""
[1.489s] -- Installing: /home/murilo_prianti/meu_workspace/install/turtlesim/share/turtlesim/action/RotateAbsolute.idl
[1.489s] -- Installing: /home/murilo_prianti/meu_workspace/install/turtlesim/share/turtlesim/msg/Color.idl
[1.489s] -- Installing: /home/murilo_prianti/meu_workspace/install/turtlesim/share/turtlesim/msg/Pose.idl
[1.489s] -- Installing: /home/murilo_prianti/meu_workspace/install/turtlesim/share/turtlesim/srv/Kill.idl
[1.490s] -- Installing: /home/murilo_prianti/meu_workspace/install/turtlesim/share/turtlesim/srv/SetPen.idl
[1.490s] -- Installing: /home/murilo_prianti/meu_workspace/install/turtlesim/share/turtlesim/srv/Spawn.idl
[1.490s] -- Installing: /home/murilo_prianti/meu_workspace/install/turtlesim/share/turtlesim/srv/TeleportAbsolute.idl
[1.491s] -- Installing: /home/murilo_prianti/meu_workspace/install/turtlesim/share/turtlesim/srv/TeleportRelative.idl
[1.491s] -- Installing: /home/murilo_prianti/meu_workspace/install/turtlesim/share/turtlesim/action/RotateAbsolute.action
[1.492s] -- Installing: /home/murilo_prianti/meu_workspace/install/turtlesim/share/turtlesim/msg/Color.msg
[1.492s] -- Installing: /home/murilo_prianti/meu_workspace/install/turtlesim/share/turtlesim/msg/Pose.msg
[1.492s] -- Installing: /home/murilo_prianti/meu_workspace/install/turtlesim/share/turtlesim/srv/Kill.srv
[1.492s] -- Installing: /home/murilo_prianti/meu_workspace/install/turtlesim/share/turtlesim/srv/Kill_Request.msg
[1.492s] -- Installing: /home/murilo_prianti/meu_workspace/install/turtlesim/share/turtlesim/srv/Kill_Response.msg
[1.492s] -- Installing: /home/murilo_prianti/meu_workspace/install/turtlesim/share/turtlesim/srv/SetPen.srv
[1.492s] -- Installing: /home/murilo_prianti/meu_workspace/install/turtlesim/share/turtlesim/srv/SetPen_Request.msg
[1.492s] -- Installing: /home/murilo_prianti/meu_workspace/install/turtlesim/share/turtlesim/srv/SetPen_Response.msg
[1.492s] -- Installing: /home/murilo_prianti/meu_workspace/install/turtlesim/share/turtlesim/srv/Spawn.srv
[1.493s] -- Installing: /home/murilo_prianti/meu_workspace/install/turtlesim/share/turtlesim/srv/Spawn_Request.msg
[1.493s] -- Installing: /home/murilo_prianti/meu_workspace/install/turtlesim/share/turtlesim/srv/Spawn_Response.msg
[1.493s] -- Installing: /home/murilo_prianti/meu_workspace/install/turtlesim/share/turtlesim/srv/TeleportAbsolute.srv
[1.493s] -- Installing: /home/murilo_prianti/meu_workspace/install/turtlesim/share/turtlesim/srv/TeleportAbsolute_Request.msg
[1.493s] -- Installing: /home/murilo_prianti/meu_workspace/install/turtlesim/share/turtlesim/srv/TeleportAbsolute_Response.msg
[1.493s] -- Installing: /home/murilo_prianti/meu_workspace/install/turtlesim/share/turtlesim/srv/TeleportRelative.srv
[1.494s] -- Installing: /home/murilo_prianti/meu_workspace/install/turtlesim/share/turtlesim/srv/TeleportRelative_Request.msg
[1.494s] -- Installing: /home/murilo_prianti/meu_workspace/install/turtlesim/share/turtlesim/srv/TeleportRelative_Response.msg
[1.494s] -- Installing: /home/murilo_prianti/meu_workspace/install/turtlesim/lib/turtlesim/turtlesim_node
[1.505s] -- Set runtime path of "/home/murilo_prianti/meu_workspace/install/turtlesim/lib/turtlesim/turtlesim_node" to ""
[1.505s] -- Installing: /home/murilo_prianti/meu_workspace/install/turtlesim/lib/turtlesim/turtle_teleop_key
[1.508s] -- Set runtime path of "/home/murilo_prianti/meu_workspace/install/turtlesim/lib/turtlesim/turtle_teleop_key" to ""
[1.508s] -- Installing: /home/murilo_prianti/meu_workspace/install/turtlesim/lib/turtlesim/draw_square
[1.512s] -- Set runtime path of "/home/murilo_prianti/meu_workspace/install/turtlesim/lib/turtlesim/draw_square" to ""
[1.512s] -- Installing: /home/murilo_prianti/meu_workspace/install/turtlesim/lib/turtlesim/mimic
[1.515s] -- Set runtime path of "/home/murilo_prianti/meu_workspace/install/turtlesim/lib/turtlesim/mimic" to ""
[1.516s] -- Installing: /home/murilo_prianti/meu_workspace/install/turtlesim/share/turtlesim/images
[1.516s] -- Installing: /home/murilo_prianti/meu_workspace/install/turtlesim/share/turtlesim/images/eloquent.png
[1.527s] -- Installing: /home/murilo_prianti/meu_workspace/install/turtlesim/share/turtlesim/images/dashing.png
[1.528s] -- Installing: /home/murilo_prianti/meu_workspace/install/turtlesim/share/turtlesim/images/bouncy.png
[1.529s] -- Installing: /home/murilo_prianti/meu_workspace/install/turtlesim/share/turtlesim/images/humble.png
[1.529s] -- Installing: /home/murilo_prianti/meu_workspace/install/turtlesim/share/turtlesim/images/rolling.png
[1.530s] -- Installing: /home/murilo_prianti/meu_workspace/install/turtlesim/share/turtlesim/images/crystal.png
[1.531s] -- Installing: /home/murilo_prianti/meu_workspace/install/turtlesim/share/turtlesim/images/foxy.png
[1.532s] -- Installing: /home/murilo_prianti/meu_workspace/install/turtlesim/share/turtlesim/images/galactic.png
[1.532s] -- Installing: /home/murilo_prianti/meu_workspace/install/turtlesim/share/turtlesim/images/ardent.png
[1.533s] -- Installing: /home/murilo_prianti/meu_workspace/install/turtlesim/share/turtlesim/launch
[1.534s] -- Installing: /home/murilo_prianti/meu_workspace/install/turtlesim/share/turtlesim/launch/multisim.launch.py
[1.534s] -- Installing: /home/murilo_prianti/meu_workspace/install/turtlesim/share/ament_index/resource_index/package_run_dependencies/turtlesim
[1.535s] -- Installing: /home/murilo_prianti/meu_workspace/install/turtlesim/share/ament_index/resource_index/parent_prefix_path/turtlesim
[1.535s] -- Installing: /home/murilo_prianti/meu_workspace/install/turtlesim/share/turtlesim/environment/ament_prefix_path.sh
[1.535s] -- Installing: /home/murilo_prianti/meu_workspace/install/turtlesim/share/turtlesim/environment/ament_prefix_path.dsv
[1.535s] -- Installing: /home/murilo_prianti/meu_workspace/install/turtlesim/share/turtlesim/environment/path.sh
[1.535s] -- Installing: /home/murilo_prianti/meu_workspace/install/turtlesim/share/turtlesim/environment/path.dsv
[1.535s] -- Installing: /home/murilo_prianti/meu_workspace/install/turtlesim/share/turtlesim/local_setup.bash
[1.535s] -- Installing: /home/murilo_prianti/meu_workspace/install/turtlesim/share/turtlesim/local_setup.sh
[1.536s] -- Installing: /home/murilo_prianti/meu_workspace/install/turtlesim/share/turtlesim/local_setup.zsh
[1.536s] -- Installing: /home/murilo_prianti/meu_workspace/install/turtlesim/share/turtlesim/local_setup.dsv
[1.536s] -- Installing: /home/murilo_prianti/meu_workspace/install/turtlesim/share/turtlesim/package.dsv
[1.536s] -- Installing: /home/murilo_prianti/meu_workspace/install/turtlesim/share/ament_index/resource_index/packages/turtlesim
[1.536s] -- Installing: /home/murilo_prianti/meu_workspace/install/turtlesim/share/turtlesim/cmake/export_turtlesim__rosidl_generator_cExport.cmake
[1.537s] -- Installing: /home/murilo_prianti/meu_workspace/install/turtlesim/share/turtlesim/cmake/export_turtlesim__rosidl_generator_cExport-noconfig.cmake
[1.537s] -- Installing: /home/murilo_prianti/meu_workspace/install/turtlesim/share/turtlesim/cmake/export_turtlesim__rosidl_typesupport_fastrtps_cExport.cmake
[1.537s] -- Installing: /home/murilo_prianti/meu_workspace/install/turtlesim/share/turtlesim/cmake/export_turtlesim__rosidl_typesupport_fastrtps_cExport-noconfig.cmake
[1.537s] -- Installing: /home/murilo_prianti/meu_workspace/install/turtlesim/share/turtlesim/cmake/export_turtlesim__rosidl_generator_cppExport.cmake
[1.537s] -- Installing: /home/murilo_prianti/meu_workspace/install/turtlesim/share/turtlesim/cmake/export_turtlesim__rosidl_typesupport_fastrtps_cppExport.cmake
[1.538s] -- Installing: /home/murilo_prianti/meu_workspace/install/turtlesim/share/turtlesim/cmake/export_turtlesim__rosidl_typesupport_fastrtps_cppExport-noconfig.cmake
[1.538s] -- Installing: /home/murilo_prianti/meu_workspace/install/turtlesim/share/turtlesim/cmake/turtlesim__rosidl_typesupport_introspection_cExport.cmake
[1.538s] -- Installing: /home/murilo_prianti/meu_workspace/install/turtlesim/share/turtlesim/cmake/turtlesim__rosidl_typesupport_introspection_cExport-noconfig.cmake
[1.538s] -- Installing: /home/murilo_prianti/meu_workspace/install/turtlesim/share/turtlesim/cmake/turtlesim__rosidl_typesupport_cExport.cmake
[1.538s] -- Installing: /home/murilo_prianti/meu_workspace/install/turtlesim/share/turtlesim/cmake/turtlesim__rosidl_typesupport_cExport-noconfig.cmake
[1.539s] -- Installing: /home/murilo_prianti/meu_workspace/install/turtlesim/share/turtlesim/cmake/turtlesim__rosidl_typesupport_introspection_cppExport.cmake
[1.539s] -- Installing: /home/murilo_prianti/meu_workspace/install/turtlesim/share/turtlesim/cmake/turtlesim__rosidl_typesupport_introspection_cppExport-noconfig.cmake
[1.539s] -- Installing: /home/murilo_prianti/meu_workspace/install/turtlesim/share/turtlesim/cmake/turtlesim__rosidl_typesupport_cppExport.cmake
[1.539s] -- Installing: /home/murilo_prianti/meu_workspace/install/turtlesim/share/turtlesim/cmake/turtlesim__rosidl_typesupport_cppExport-noconfig.cmake
[1.539s] -- Installing: /home/murilo_prianti/meu_workspace/install/turtlesim/share/turtlesim/cmake/export_turtlesim__rosidl_generator_pyExport.cmake
[1.540s] -- Installing: /home/murilo_prianti/meu_workspace/install/turtlesim/share/turtlesim/cmake/export_turtlesim__rosidl_generator_pyExport-noconfig.cmake
[1.540s] -- Installing: /home/murilo_prianti/meu_workspace/install/turtlesim/share/turtlesim/cmake/rosidl_cmake-extras.cmake
[1.540s] -- Installing: /home/murilo_prianti/meu_workspace/install/turtlesim/share/turtlesim/cmake/ament_cmake_export_dependencies-extras.cmake
[1.540s] -- Installing: /home/murilo_prianti/meu_workspace/install/turtlesim/share/turtlesim/cmake/ament_cmake_export_include_directories-extras.cmake
[1.540s] -- Installing: /home/murilo_prianti/meu_workspace/install/turtlesim/share/turtlesim/cmake/ament_cmake_export_libraries-extras.cmake
[1.540s] -- Installing: /home/murilo_prianti/meu_workspace/install/turtlesim/share/turtlesim/cmake/ament_cmake_export_targets-extras.cmake
[1.540s] -- Installing: /home/murilo_prianti/meu_workspace/install/turtlesim/share/turtlesim/cmake/rosidl_cmake_export_typesupport_targets-extras.cmake
[1.541s] -- Installing: /home/murilo_prianti/meu_workspace/install/turtlesim/share/turtlesim/cmake/rosidl_cmake_export_typesupport_libraries-extras.cmake
[1.541s] -- Installing: /home/murilo_prianti/meu_workspace/install/turtlesim/share/turtlesim/cmake/turtlesimConfig.cmake
[1.541s] -- Installing: /home/murilo_prianti/meu_workspace/install/turtlesim/share/turtlesim/cmake/turtlesimConfig-version.cmake
[1.541s] -- Installing: /home/murilo_prianti/meu_workspace/install/turtlesim/share/turtlesim/package.xml
