[0.388s] DEBUG:colcon:Command line arguments: ['/usr/bin/colcon', 'list', '-p', '--base-paths', '/home/murilo_prianti/meu_workspace']
[0.388s] DEBUG:colcon:Parsed command line arguments: Namespace(log_base=None, log_level=None, verb_name='list', build_base='build', ignore_user_meta=False, metas=['./colcon.meta'], base_paths=['/home/murilo_prianti/meu_workspace'], packages_ignore=None, packages_ignore_regex=None, paths=None, packages_up_to=None, packages_up_to_regex=None, packages_above=None, packages_above_and_dependencies=None, packages_above_depth=None, packages_select_by_dep=None, packages_skip_by_dep=None, packages_skip_up_to=None, packages_select_build_failed=False, packages_skip_build_finished=False, packages_select_test_failures=False, packages_skip_test_passed=False, packages_select=None, packages_skip=None, packages_select_regex=None, packages_skip_regex=None, packages_start=None, packages_end=None, allow_overriding=[], topological_order=False, names_only=False, paths_only=True, topological_graph=False, topological_graph_dot=False, topological_graph_density=False, topological_graph_legend=False, topological_graph_dot_cluster=False, topological_graph_dot_include_skipped=False, verb_parser=<colcon_defaults.argument_parser.defaults.DefaultArgumentsDecorator object at 0x7b5e3cf40a90>, verb_extension=<colcon_package_information.verb.list.ListVerb object at 0x7b5e3d0ffbe0>, main=<bound method ListVerb.main of <colcon_package_information.verb.list.ListVerb object at 0x7b5e3d0ffbe0>>)
[0.733s] Level 1:colcon.colcon_core.package_discovery:discover_packages(colcon_meta) check parameters
[0.733s] Level 1:colcon.colcon_core.package_discovery:discover_packages(recursive) check parameters
[0.733s] Level 1:colcon.colcon_core.package_discovery:discover_packages(ignore) check parameters
[0.733s] Level 1:colcon.colcon_core.package_discovery:discover_packages(path) check parameters
[0.733s] Level 1:colcon.colcon_core.package_discovery:discover_packages(recursive) discover
[0.733s] INFO:colcon.colcon_core.package_discovery:Crawling recursively for packages in '/home/murilo_prianti/meu_workspace'
[0.734s] Level 1:colcon.colcon_core.package_identification:_identify(/home/murilo_prianti/meu_workspace) by extensions ['ignore', 'ignore_ament_install']
[0.734s] Level 1:colcon.colcon_core.package_identification:_identify(/home/murilo_prianti/meu_workspace) by extension 'ignore'
[0.734s] Level 1:colcon.colcon_core.package_identification:_identify(/home/murilo_prianti/meu_workspace) by extension 'ignore_ament_install'
[0.734s] Level 1:colcon.colcon_core.package_identification:_identify(/home/murilo_prianti/meu_workspace) by extensions ['colcon_pkg']
[0.734s] Level 1:colcon.colcon_core.package_identification:_identify(/home/murilo_prianti/meu_workspace) by extension 'colcon_pkg'
[0.734s] Level 1:colcon.colcon_core.package_identification:_identify(/home/murilo_prianti/meu_workspace) by extensions ['colcon_meta']
[0.734s] Level 1:colcon.colcon_core.package_identification:_identify(/home/murilo_prianti/meu_workspace) by extension 'colcon_meta'
[0.734s] Level 1:colcon.colcon_core.package_identification:_identify(/home/murilo_prianti/meu_workspace) by extensions ['ros']
[0.735s] Level 1:colcon.colcon_core.package_identification:_identify(/home/murilo_prianti/meu_workspace) by extension 'ros'
[0.757s] Level 1:colcon.colcon_core.package_identification:_identify(/home/murilo_prianti/meu_workspace) by extensions ['cmake', 'python']
[0.757s] Level 1:colcon.colcon_core.package_identification:_identify(/home/murilo_prianti/meu_workspace) by extension 'cmake'
[0.757s] Level 1:colcon.colcon_core.package_identification:_identify(/home/murilo_prianti/meu_workspace) by extension 'python'
[0.758s] Level 1:colcon.colcon_core.package_identification:_identify(/home/murilo_prianti/meu_workspace) by extensions ['python_setup_py']
[0.758s] Level 1:colcon.colcon_core.package_identification:_identify(/home/murilo_prianti/meu_workspace) by extension 'python_setup_py'
[0.758s] Level 1:colcon.colcon_core.package_identification:_identify(/home/murilo_prianti/meu_workspace/build) by extensions ['ignore', 'ignore_ament_install']
[0.758s] Level 1:colcon.colcon_core.package_identification:_identify(/home/murilo_prianti/meu_workspace/build) by extension 'ignore'
[0.758s] Level 1:colcon.colcon_core.package_identification:_identify(/home/murilo_prianti/meu_workspace/build) ignored
[0.759s] Level 1:colcon.colcon_core.package_identification:_identify(/home/murilo_prianti/meu_workspace/install) by extensions ['ignore', 'ignore_ament_install']
[0.759s] Level 1:colcon.colcon_core.package_identification:_identify(/home/murilo_prianti/meu_workspace/install) by extension 'ignore'
[0.759s] Level 1:colcon.colcon_core.package_identification:_identify(/home/murilo_prianti/meu_workspace/install) ignored
[0.759s] Level 1:colcon.colcon_core.package_identification:_identify(/home/murilo_prianti/meu_workspace/log) by extensions ['ignore', 'ignore_ament_install']
[0.760s] Level 1:colcon.colcon_core.package_identification:_identify(/home/murilo_prianti/meu_workspace/log) by extension 'ignore'
[0.760s] Level 1:colcon.colcon_core.package_identification:_identify(/home/murilo_prianti/meu_workspace/log) ignored
[0.760s] Level 1:colcon.colcon_core.package_identification:_identify(/home/murilo_prianti/meu_workspace/src) by extensions ['ignore', 'ignore_ament_install']
[0.760s] Level 1:colcon.colcon_core.package_identification:_identify(/home/murilo_prianti/meu_workspace/src) by extension 'ignore'
[0.760s] Level 1:colcon.colcon_core.package_identification:_identify(/home/murilo_prianti/meu_workspace/src) by extension 'ignore_ament_install'
[0.760s] Level 1:colcon.colcon_core.package_identification:_identify(/home/murilo_prianti/meu_workspace/src) by extensions ['colcon_pkg']
[0.760s] Level 1:colcon.colcon_core.package_identification:_identify(/home/murilo_prianti/meu_workspace/src) by extension 'colcon_pkg'
[0.760s] Level 1:colcon.colcon_core.package_identification:_identify(/home/murilo_prianti/meu_workspace/src) by extensions ['colcon_meta']
[0.760s] Level 1:colcon.colcon_core.package_identification:_identify(/home/murilo_prianti/meu_workspace/src) by extension 'colcon_meta'
[0.761s] Level 1:colcon.colcon_core.package_identification:_identify(/home/murilo_prianti/meu_workspace/src) by extensions ['ros']
[0.761s] Level 1:colcon.colcon_core.package_identification:_identify(/home/murilo_prianti/meu_workspace/src) by extension 'ros'
[0.761s] Level 1:colcon.colcon_core.package_identification:_identify(/home/murilo_prianti/meu_workspace/src) by extensions ['cmake', 'python']
[0.761s] Level 1:colcon.colcon_core.package_identification:_identify(/home/murilo_prianti/meu_workspace/src) by extension 'cmake'
[0.761s] Level 1:colcon.colcon_core.package_identification:_identify(/home/murilo_prianti/meu_workspace/src) by extension 'python'
[0.761s] Level 1:colcon.colcon_core.package_identification:_identify(/home/murilo_prianti/meu_workspace/src) by extensions ['python_setup_py']
[0.761s] Level 1:colcon.colcon_core.package_identification:_identify(/home/murilo_prianti/meu_workspace/src) by extension 'python_setup_py'
[0.762s] Level 1:colcon.colcon_core.package_identification:_identify(/home/murilo_prianti/meu_workspace/src/ola_mundo) by extensions ['ignore', 'ignore_ament_install']
[0.762s] Level 1:colcon.colcon_core.package_identification:_identify(/home/murilo_prianti/meu_workspace/src/ola_mundo) by extension 'ignore'
[0.762s] Level 1:colcon.colcon_core.package_identification:_identify(/home/murilo_prianti/meu_workspace/src/ola_mundo) by extension 'ignore_ament_install'
[0.762s] Level 1:colcon.colcon_core.package_identification:_identify(/home/murilo_prianti/meu_workspace/src/ola_mundo) by extensions ['colcon_pkg']
[0.762s] Level 1:colcon.colcon_core.package_identification:_identify(/home/murilo_prianti/meu_workspace/src/ola_mundo) by extension 'colcon_pkg'
[0.762s] Level 1:colcon.colcon_core.package_identification:_identify(/home/murilo_prianti/meu_workspace/src/ola_mundo) by extensions ['colcon_meta']
[0.762s] Level 1:colcon.colcon_core.package_identification:_identify(/home/murilo_prianti/meu_workspace/src/ola_mundo) by extension 'colcon_meta'
[0.762s] Level 1:colcon.colcon_core.package_identification:_identify(/home/murilo_prianti/meu_workspace/src/ola_mundo) by extensions ['ros']
[0.762s] Level 1:colcon.colcon_core.package_identification:_identify(/home/murilo_prianti/meu_workspace/src/ola_mundo) by extension 'ros'
[0.767s] DEBUG:colcon.colcon_core.package_identification:Package '/home/murilo_prianti/meu_workspace/src/ola_mundo' with type 'ros.ament_python' and name 'ola_mundo'
[0.768s] Level 1:colcon.colcon_core.package_identification:_identify(/home/murilo_prianti/meu_workspace/src/ponderada_semana_2) by extensions ['ignore', 'ignore_ament_install']
[0.768s] Level 1:colcon.colcon_core.package_identification:_identify(/home/murilo_prianti/meu_workspace/src/ponderada_semana_2) by extension 'ignore'
[0.768s] Level 1:colcon.colcon_core.package_identification:_identify(/home/murilo_prianti/meu_workspace/src/ponderada_semana_2) by extension 'ignore_ament_install'
[0.768s] Level 1:colcon.colcon_core.package_identification:_identify(/home/murilo_prianti/meu_workspace/src/ponderada_semana_2) by extensions ['colcon_pkg']
[0.768s] Level 1:colcon.colcon_core.package_identification:_identify(/home/murilo_prianti/meu_workspace/src/ponderada_semana_2) by extension 'colcon_pkg'
[0.768s] Level 1:colcon.colcon_core.package_identification:_identify(/home/murilo_prianti/meu_workspace/src/ponderada_semana_2) by extensions ['colcon_meta']
[0.768s] Level 1:colcon.colcon_core.package_identification:_identify(/home/murilo_prianti/meu_workspace/src/ponderada_semana_2) by extension 'colcon_meta'
[0.768s] Level 1:colcon.colcon_core.package_identification:_identify(/home/murilo_prianti/meu_workspace/src/ponderada_semana_2) by extensions ['ros']
[0.768s] Level 1:colcon.colcon_core.package_identification:_identify(/home/murilo_prianti/meu_workspace/src/ponderada_semana_2) by extension 'ros'
[0.769s] DEBUG:colcon.colcon_core.package_identification:Package '/home/murilo_prianti/meu_workspace/src/ponderada_semana_2' with type 'ros.ament_python' and name 'ponderada_semana_2'
[0.769s] Level 1:colcon.colcon_core.package_identification:_identify(/home/murilo_prianti/meu_workspace/src/ros_tutorials) by extensions ['ignore', 'ignore_ament_install']
[0.770s] Level 1:colcon.colcon_core.package_identification:_identify(/home/murilo_prianti/meu_workspace/src/ros_tutorials) by extension 'ignore'
[0.770s] Level 1:colcon.colcon_core.package_identification:_identify(/home/murilo_prianti/meu_workspace/src/ros_tutorials) by extension 'ignore_ament_install'
[0.770s] Level 1:colcon.colcon_core.package_identification:_identify(/home/murilo_prianti/meu_workspace/src/ros_tutorials) by extensions ['colcon_pkg']
[0.770s] Level 1:colcon.colcon_core.package_identification:_identify(/home/murilo_prianti/meu_workspace/src/ros_tutorials) by extension 'colcon_pkg'
[0.770s] Level 1:colcon.colcon_core.package_identification:_identify(/home/murilo_prianti/meu_workspace/src/ros_tutorials) by extensions ['colcon_meta']
[0.770s] Level 1:colcon.colcon_core.package_identification:_identify(/home/murilo_prianti/meu_workspace/src/ros_tutorials) by extension 'colcon_meta'
[0.770s] Level 1:colcon.colcon_core.package_identification:_identify(/home/murilo_prianti/meu_workspace/src/ros_tutorials) by extensions ['ros']
[0.770s] Level 1:colcon.colcon_core.package_identification:_identify(/home/murilo_prianti/meu_workspace/src/ros_tutorials) by extension 'ros'
[0.770s] Level 1:colcon.colcon_core.package_identification:_identify(/home/murilo_prianti/meu_workspace/src/ros_tutorials) by extensions ['cmake', 'python']
[0.770s] Level 1:colcon.colcon_core.package_identification:_identify(/home/murilo_prianti/meu_workspace/src/ros_tutorials) by extension 'cmake'
[0.770s] Level 1:colcon.colcon_core.package_identification:_identify(/home/murilo_prianti/meu_workspace/src/ros_tutorials) by extension 'python'
[0.770s] Level 1:colcon.colcon_core.package_identification:_identify(/home/murilo_prianti/meu_workspace/src/ros_tutorials) by extensions ['python_setup_py']
[0.771s] Level 1:colcon.colcon_core.package_identification:_identify(/home/murilo_prianti/meu_workspace/src/ros_tutorials) by extension 'python_setup_py'
[0.771s] Level 1:colcon.colcon_core.package_identification:_identify(/home/murilo_prianti/meu_workspace/src/ros_tutorials/ros_tutorials) by extensions ['ignore', 'ignore_ament_install']
[0.771s] Level 1:colcon.colcon_core.package_identification:_identify(/home/murilo_prianti/meu_workspace/src/ros_tutorials/ros_tutorials) by extension 'ignore'
[0.771s] Level 1:colcon.colcon_core.package_identification:_identify(/home/murilo_prianti/meu_workspace/src/ros_tutorials/ros_tutorials) ignored
[0.771s] Level 1:colcon.colcon_core.package_identification:_identify(/home/murilo_prianti/meu_workspace/src/ros_tutorials/roscpp_tutorials) by extensions ['ignore', 'ignore_ament_install']
[0.772s] Level 1:colcon.colcon_core.package_identification:_identify(/home/murilo_prianti/meu_workspace/src/ros_tutorials/roscpp_tutorials) by extension 'ignore'
[0.772s] Level 1:colcon.colcon_core.package_identification:_identify(/home/murilo_prianti/meu_workspace/src/ros_tutorials/roscpp_tutorials) ignored
[0.772s] Level 1:colcon.colcon_core.package_identification:_identify(/home/murilo_prianti/meu_workspace/src/ros_tutorials/rospy_tutorials) by extensions ['ignore', 'ignore_ament_install']
[0.772s] Level 1:colcon.colcon_core.package_identification:_identify(/home/murilo_prianti/meu_workspace/src/ros_tutorials/rospy_tutorials) by extension 'ignore'
[0.773s] Level 1:colcon.colcon_core.package_identification:_identify(/home/murilo_prianti/meu_workspace/src/ros_tutorials/rospy_tutorials) ignored
[0.773s] Level 1:colcon.colcon_core.package_identification:_identify(/home/murilo_prianti/meu_workspace/src/ros_tutorials/turtlesim) by extensions ['ignore', 'ignore_ament_install']
[0.773s] Level 1:colcon.colcon_core.package_identification:_identify(/home/murilo_prianti/meu_workspace/src/ros_tutorials/turtlesim) by extension 'ignore'
[0.773s] Level 1:colcon.colcon_core.package_identification:_identify(/home/murilo_prianti/meu_workspace/src/ros_tutorials/turtlesim) by extension 'ignore_ament_install'
[0.773s] Level 1:colcon.colcon_core.package_identification:_identify(/home/murilo_prianti/meu_workspace/src/ros_tutorials/turtlesim) by extensions ['colcon_pkg']
[0.773s] Level 1:colcon.colcon_core.package_identification:_identify(/home/murilo_prianti/meu_workspace/src/ros_tutorials/turtlesim) by extension 'colcon_pkg'
[0.773s] Level 1:colcon.colcon_core.package_identification:_identify(/home/murilo_prianti/meu_workspace/src/ros_tutorials/turtlesim) by extensions ['colcon_meta']
[0.773s] Level 1:colcon.colcon_core.package_identification:_identify(/home/murilo_prianti/meu_workspace/src/ros_tutorials/turtlesim) by extension 'colcon_meta'
[0.774s] Level 1:colcon.colcon_core.package_identification:_identify(/home/murilo_prianti/meu_workspace/src/ros_tutorials/turtlesim) by extensions ['ros']
[0.774s] Level 1:colcon.colcon_core.package_identification:_identify(/home/murilo_prianti/meu_workspace/src/ros_tutorials/turtlesim) by extension 'ros'
[0.777s] DEBUG:colcon.colcon_core.package_identification:Package '/home/murilo_prianti/meu_workspace/src/ros_tutorials/turtlesim' with type 'ros.ament_cmake' and name 'turtlesim'
[0.777s] Level 1:colcon.colcon_core.package_discovery:discover_packages(recursive) using defaults
