[0.494s] Invoking command in '/home/murilo_prianti/meu_workspace/build/turtlesim': CMAKE_PREFIX_PATH=${CMAKE_PREFIX_PATH}:/home/murilo_prianti/meu_workspace/install/ola_mundo:/opt/ros/humble /usr/bin/cmake /home/murilo_prianti/meu_workspace/src/ros_tutorials/turtlesim -DCMAKE_INSTALL_PREFIX=/home/murilo_prianti/meu_workspace/install/turtlesim
[1.605s] -- The C compiler identification is GNU 11.4.0
[2.323s] -- The CXX compiler identification is GNU 11.4.0
[2.355s] -- Detecting C compiler ABI info
[2.523s] -- Detecting C compiler ABI info - done
[2.532s] -- Check for working C compiler: /usr/bin/cc - skipped
[2.536s] -- Detecting C compile features
[2.550s] -- Detecting C compile features - done
[2.592s] -- Detecting CXX compiler ABI info
[2.727s] -- Detecting CXX compiler ABI info - done
[2.736s] -- Check for working CXX compiler: /usr/bin/c++ - skipped
[2.736s] -- Detecting CXX compile features
[2.737s] -- Detecting CXX compile features - done
[2.756s] -- Found ament_cmake: 1.3.8 (/opt/ros/humble/share/ament_cmake/cmake)
[3.030s] -- Found Python3: /usr/bin/python3 (found version "3.10.12") found components: Interpreter 
[3.541s] -- Found ament_index_cpp: 1.4.0 (/opt/ros/humble/share/ament_index_cpp/cmake)
[3.571s] -- Found geometry_msgs: 4.2.3 (/opt/ros/humble/share/geometry_msgs/cmake)
[4.197s] -- Found rosidl_generator_c: 3.1.5 (/opt/ros/humble/share/rosidl_generator_c/cmake)
[4.256s] -- Found rosidl_adapter: 3.1.5 (/opt/ros/humble/share/rosidl_adapter/cmake)
[4.372s] -- Found rosidl_generator_cpp: 3.1.5 (/opt/ros/humble/share/rosidl_generator_cpp/cmake)
[4.580s] -- Using all available rosidl_typesupport_c: rosidl_typesupport_fastrtps_c;rosidl_typesupport_introspection_c
[4.845s] -- Using all available rosidl_typesupport_cpp: rosidl_typesupport_fastrtps_cpp;rosidl_typesupport_introspection_cpp
[5.925s] -- Found rclcpp: 16.0.8 (/opt/ros/humble/share/rclcpp/cmake)
[6.680s] -- Found rmw_implementation_cmake: 6.1.1 (/opt/ros/humble/share/rmw_implementation_cmake/cmake)
[6.712s] -- Found rmw_fastrtps_cpp: 6.2.6 (/opt/ros/humble/share/rmw_fastrtps_cpp/cmake)
[7.542s] -- Found OpenSSL: /usr/lib/x86_64-linux-gnu/libcrypto.so (found version "3.0.2")  
[7.636s] -- Found FastRTPS: /opt/ros/humble/include  
[7.693s] -- Using RMW implementation 'rmw_fastrtps_cpp' as default
[7.846s] -- Looking for pthread.h
[8.056s] -- Looking for pthread.h - found
[8.056s] -- Performing Test CMAKE_HAVE_LIBC_PTHREAD
[8.159s] -- Performing Test CMAKE_HAVE_LIBC_PTHREAD - Success
[8.161s] -- Found Threads: TRUE  
[8.925s] -- Found rclcpp_action: 16.0.8 (/opt/ros/humble/share/rclcpp_action/cmake)
[9.719s] -- Found rosidl_default_generators: 1.2.0 (/opt/ros/humble/share/rosidl_default_generators/cmake)
[9.810s] -- Found std_srvs: 4.2.3 (/opt/ros/humble/share/std_srvs/cmake)
[10.829s] -- Found ament_cmake_ros: 0.10.0 (/opt/ros/humble/share/ament_cmake_ros/cmake)
[11.428s] -- Using all available rosidl_typesupport_c: rosidl_typesupport_fastrtps_c;rosidl_typesupport_introspection_c
[11.618s] -- Using all available rosidl_typesupport_cpp: rosidl_typesupport_fastrtps_cpp;rosidl_typesupport_introspection_cpp
[11.663s] -- Found PythonInterp: /usr/bin/python3 (found suitable version "3.10.12", minimum required is "3.6") 
[11.667s] -- Found python_cmake_module: 0.10.0 (/opt/ros/humble/share/python_cmake_module/cmake)
[11.749s] -- Found PythonLibs: /usr/lib/x86_64-linux-gnu/libpython3.10.so (found suitable version "3.10.12", minimum required is "3.5") 
[11.750s] -- Using PYTHON_EXECUTABLE: /usr/bin/python3
[11.750s] -- Using PYTHON_INCLUDE_DIRS: /usr/include/python3.10
[11.750s] -- Using PYTHON_LIBRARIES: /usr/lib/x86_64-linux-gnu/libpython3.10.so
[11.777s] -- Found PythonExtra: .so  
[12.071s] -- Configuring done
[12.169s] -- Generating done
[12.172s] -- Build files have been written to: /home/murilo_prianti/meu_workspace/build/turtlesim
